# JRE version: OpenJDK Runtime Environment Temurin-17.0.12+7 (17.0.12+7) (build 17.0.12+7)
# Java VM: OpenJDK 64-Bit Server VM Temurin-17.0.12+7 (17.0.12+7, mixed mode, tiered, compressed oops, compressed class ptrs, parallel gc, windows-amd64)
GC Precious Log:
 CPUs: 16 total, 16 available
 Memory: 8044M
 Large Page Support: Disabled
 NUMA Support: Disabled
 Compressed Oops: Enabled (32-bit)
 Alignments: Space 512K, Generation 512K, Heap 2M
 Heap Min Capacity: 100M
 Heap Initial Capacity: 100M
 Heap Max Capacity: 1G
 Pre-touch: Disabled
 Parallel Workers: 13
Heap:
 PSYoungGen      total 18432K, used 15717K [0x00000000eab00000, 0x00000000ec380000, 0x0000000100000000)
  eden space 13312K, 81% used [0x00000000eab00000,0x00000000eb5a2ff0,0x00000000eb800000)
  from space 5120K, 94% used [0x00000000ebe80000,0x00000000ec336490,0x00000000ec380000)
  to   space 5632K, 0% used [0x00000000eb880000,0x00000000eb880000,0x00000000ebe00000)
 ParOldGen       total 104448K, used 85049K [0x00000000c0000000, 0x00000000c6600000, 0x00000000eab00000)
  object space 104448K, 81% used [0x00000000c0000000,0x00000000c530e7e0,0x00000000c6600000)
 Metaspace       used 82553K, committed 83968K, reserved 1179648K
  class space    used 8505K, committed 9152K, reserved 1048576K
GC Heap History (20 events):
Event: 17.355 GC heap before
{Heap before GC invocations=282 (full 9):
 PSYoungGen      total 18432K, used 18346K [0x00000000eab00000, 0x00000000ec300000, 0x0000000100000000)
  eden space 17408K, 100% used [0x00000000eab00000,0x00000000ebc00000,0x00000000ebc00000)
  from space 1024K, 91% used [0x00000000ec200000,0x00000000ec2ea910,0x00000000ec300000)
  to   space 3072K, 0% used [0x00000000ebd00000,0x00000000ebd00000,0x00000000ec000000)
 ParOldGen       total 104448K, used 75285K [0x00000000c0000000, 0x00000000c6600000, 0x00000000eab00000)
  object space 104448K, 72% used [0x00000000c0000000,0x00000000c4985560,0x00000000c6600000)
 Metaspace       used 79563K, committed 80960K, reserved 1179648K
  class space    used 8137K, committed 8768K, reserved 1048576K
}
Event: 17.359 GC heap after
{Heap after GC invocations=282 (full 9):
 PSYoungGen      total 20480K, used 2032K [0x00000000eab00000, 0x00000000ec280000, 0x0000000100000000)
  eden space 17408K, 0% used [0x00000000eab00000,0x00000000eab00000,0x00000000ebc00000)
  from space 3072K, 66% used [0x00000000ebd00000,0x00000000ebefc050,0x00000000ec000000)
  to   space 2560K, 0% used [0x00000000ec000000,0x00000000ec000000,0x00000000ec280000)
 ParOldGen       total 104448K, used 75293K [0x00000000c0000000, 0x00000000c6600000, 0x00000000eab00000)
  object space 104448K, 72% used [0x00000000c0000000,0x00000000c4987560,0x00000000c6600000)
 Metaspace       used 79563K, committed 80960K, reserved 1179648K
  class space    used 8137K, committed 8768K, reserved 1048576K
}
Event: 17.500 GC heap before
{Heap before GC invocations=283 (full 9):
 PSYoungGen      total 20480K, used 19440K [0x00000000eab00000, 0x00000000ec280000, 0x0000000100000000)
  eden space 17408K, 100% used [0x00000000eab00000,0x00000000ebc00000,0x00000000ebc00000)
  from space 3072K, 66% used [0x00000000ebd00000,0x00000000ebefc050,0x00000000ec000000)
  to   space 2560K, 0% used [0x00000000ec000000,0x00000000ec000000,0x00000000ec280000)
 ParOldGen       total 104448K, used 75309K [0x00000000c0000000, 0x00000000c6600000, 0x00000000eab00000)
  object space 104448K, 72% used [0x00000000c0000000,0x00000000c498b570,0x00000000c6600000)
 Metaspace       used 80203K, committed 81600K, reserved 1179648K
  class space    used 8204K, committed 8832K, reserved 1048576K
}
Event: 17.503 GC heap after
{Heap after GC invocations=283 (full 9):
 PSYoungGen      total 19968K, used 2548K [0x00000000eab00000, 0x00000000ec280000, 0x0000000100000000)
  eden space 17408K, 0% used [0x00000000eab00000,0x00000000eab00000,0x00000000ebc00000)
  from space 2560K, 99% used [0x00000000ec000000,0x00000000ec27d208,0x00000000ec280000)
  to   space 3072K, 0% used [0x00000000ebc80000,0x00000000ebc80000,0x00000000ebf80000)
 ParOldGen       total 104448K, used 75501K [0x00000000c0000000, 0x00000000c6600000, 0x00000000eab00000)
  object space 104448K, 72% used [0x00000000c0000000,0x00000000c49bb570,0x00000000c6600000)
 Metaspace       used 80203K, committed 81600K, reserved 1179648K
  class space    used 8204K, committed 8832K, reserved 1048576K
}
Event: 18.257 GC heap before
{Heap before GC invocations=284 (full 9):
 PSYoungGen      total 19968K, used 19956K [0x00000000eab00000, 0x00000000ec280000, 0x0000000100000000)
  eden space 17408K, 100% used [0x00000000eab00000,0x00000000ebc00000,0x00000000ebc00000)
  from space 2560K, 99% used [0x00000000ec000000,0x00000000ec27d208,0x00000000ec280000)
  to   space 3072K, 0% used [0x00000000ebc80000,0x00000000ebc80000,0x00000000ebf80000)
 ParOldGen       total 104448K, used 75503K [0x00000000c0000000, 0x00000000c6600000, 0x00000000eab00000)
  object space 104448K, 72% used [0x00000000c0000000,0x00000000c49bbfd0,0x00000000c6600000)
 Metaspace       used 80471K, committed 81856K, reserved 1179648K
  class space    used 8225K, committed 8896K, reserved 1048576K
}
Event: 18.261 GC heap after
{Heap after GC invocations=284 (full 9):
 PSYoungGen      total 19456K, used 1880K [0x00000000eab00000, 0x00000000ec100000, 0x0000000100000000)
  eden space 17408K, 0% used [0x00000000eab00000,0x00000000eab00000,0x00000000ebc00000)
  from space 2048K, 91% used [0x00000000ebc80000,0x00000000ebe563f8,0x00000000ebe80000)
  to   space 2560K, 0% used [0x00000000ebe80000,0x00000000ebe80000,0x00000000ec100000)
 ParOldGen       total 104448K, used 76439K [0x00000000c0000000, 0x00000000c6600000, 0x00000000eab00000)
  object space 104448K, 73% used [0x00000000c0000000,0x00000000c4aa5fd0,0x00000000c6600000)
 Metaspace       used 80471K, committed 81856K, reserved 1179648K
  class space    used 8225K, committed 8896K, reserved 1048576K
}
Event: 18.330 GC heap before
{Heap before GC invocations=285 (full 9):
 PSYoungGen      total 19456K, used 19288K [0x00000000eab00000, 0x00000000ec100000, 0x0000000100000000)
  eden space 17408K, 100% used [0x00000000eab00000,0x00000000ebc00000,0x00000000ebc00000)
  from space 2048K, 91% used [0x00000000ebc80000,0x00000000ebe563f8,0x00000000ebe80000)
  to   space 2560K, 0% used [0x00000000ebe80000,0x00000000ebe80000,0x00000000ec100000)
 ParOldGen       total 104448K, used 76439K [0x00000000c0000000, 0x00000000c6600000, 0x00000000eab00000)
  object space 104448K, 73% used [0x00000000c0000000,0x00000000c4aa5fd0,0x00000000c6600000)
 Metaspace       used 80476K, committed 81856K, reserved 1179648K
  class space    used 8225K, committed 8896K, reserved 1048576K
}
Event: 18.331 GC heap after
{Heap after GC invocations=285 (full 9):
 PSYoungGen      total 19456K, used 1758K [0x00000000eab00000, 0x00000000ec080000, 0x0000000100000000)
  eden space 17408K, 0% used [0x00000000eab00000,0x00000000eab00000,0x00000000ebc00000)
  from space 2048K, 85% used [0x00000000ebe80000,0x00000000ec037850,0x00000000ec080000)
  to   space 2048K, 0% used [0x00000000ebc80000,0x00000000ebc80000,0x00000000ebe80000)
 ParOldGen       total 104448K, used 76439K [0x00000000c0000000, 0x00000000c6600000, 0x00000000eab00000)
  object space 104448K, 73% used [0x00000000c0000000,0x00000000c4aa5fd0,0x00000000c6600000)
 Metaspace       used 80476K, committed 81856K, reserved 1179648K
  class space    used 8225K, committed 8896K, reserved 1048576K
}
Event: 20.701 GC heap before
{Heap before GC invocations=286 (full 9):
 PSYoungGen      total 19456K, used 19166K [0x00000000eab00000, 0x00000000ec080000, 0x0000000100000000)
  eden space 17408K, 100% used [0x00000000eab00000,0x00000000ebc00000,0x00000000ebc00000)
  from space 2048K, 85% used [0x00000000ebe80000,0x00000000ec037850,0x00000000ec080000)
  to   space 2048K, 0% used [0x00000000ebc80000,0x00000000ebc80000,0x00000000ebe80000)
 ParOldGen       total 104448K, used 76439K [0x00000000c0000000, 0x00000000c6600000, 0x00000000eab00000)
  object space 104448K, 73% used [0x00000000c0000000,0x00000000c4aa5fd0,0x00000000c6600000)
 Metaspace       used 80672K, committed 82048K, reserved 1179648K
  class space    used 8251K, committed 8896K, reserved 1048576K
}
Event: 20.703 GC heap after
{Heap after GC invocations=286 (full 9):
 PSYoungGen      total 19456K, used 2030K [0x00000000eab00000, 0x00000000ec100000, 0x0000000100000000)
  eden space 17408K, 0% used [0x00000000eab00000,0x00000000eab00000,0x00000000ebc00000)
  from space 2048K, 99% used [0x00000000ebc80000,0x00000000ebe7b880,0x00000000ebe80000)
  to   space 2560K, 0% used [0x00000000ebe80000,0x00000000ebe80000,0x00000000ec100000)
 ParOldGen       total 104448K, used 76455K [0x00000000c0000000, 0x00000000c6600000, 0x00000000eab00000)
  object space 104448K, 73% used [0x00000000c0000000,0x00000000c4aa9fd0,0x00000000c6600000)
 Metaspace       used 80672K, committed 82048K, reserved 1179648K
  class space    used 8251K, committed 8896K, reserved 1048576K
}
Event: 21.245 GC heap before
{Heap before GC invocations=287 (full 9):
 PSYoungGen      total 19456K, used 19438K [0x00000000eab00000, 0x00000000ec100000, 0x0000000100000000)
  eden space 17408K, 100% used [0x00000000eab00000,0x00000000ebc00000,0x00000000ebc00000)
  from space 2048K, 99% used [0x00000000ebc80000,0x00000000ebe7b880,0x00000000ebe80000)
  to   space 2560K, 0% used [0x00000000ebe80000,0x00000000ebe80000,0x00000000ec100000)
 ParOldGen       total 104448K, used 76455K [0x00000000c0000000, 0x00000000c6600000, 0x00000000eab00000)
  object space 104448K, 73% used [0x00000000c0000000,0x00000000c4aa9fd0,0x00000000c6600000)
 Metaspace       used 80699K, committed 82112K, reserved 1179648K
  class space    used 8255K, committed 8896K, reserved 1048576K
}
Event: 21.248 GC heap after
{Heap after GC invocations=287 (full 9):
 PSYoungGen      total 19456K, used 1753K [0x00000000eab00000, 0x00000000ec080000, 0x0000000100000000)
  eden space 17408K, 0% used [0x00000000eab00000,0x00000000eab00000,0x00000000ebc00000)
  from space 2048K, 85% used [0x00000000ebe80000,0x00000000ec036450,0x00000000ec080000)
  to   space 2048K, 0% used [0x00000000ebc80000,0x00000000ebc80000,0x00000000ebe80000)
 ParOldGen       total 104448K, used 77855K [0x00000000c0000000, 0x00000000c6600000, 0x00000000eab00000)
  object space 104448K, 74% used [0x00000000c0000000,0x00000000c4c07d50,0x00000000c6600000)
 Metaspace       used 80699K, committed 82112K, reserved 1179648K
  class space    used 8255K, committed 8896K, reserved 1048576K
}
Event: 24.951 GC heap before
{Heap before GC invocations=288 (full 9):
 PSYoungGen      total 19456K, used 19161K [0x00000000eab00000, 0x00000000ec080000, 0x0000000100000000)
  eden space 17408K, 100% used [0x00000000eab00000,0x00000000ebc00000,0x00000000ebc00000)
  from space 2048K, 85% used [0x00000000ebe80000,0x00000000ec036450,0x00000000ec080000)
  to   space 2048K, 0% used [0x00000000ebc80000,0x00000000ebc80000,0x00000000ebe80000)
 ParOldGen       total 104448K, used 77855K [0x00000000c0000000, 0x00000000c6600000, 0x00000000eab00000)
  object space 104448K, 74% used [0x00000000c0000000,0x00000000c4c07d50,0x00000000c6600000)
 Metaspace       used 81202K, committed 82560K, reserved 1179648K
  class space    used 8338K, committed 8960K, reserved 1048576K
}
Event: 24.956 GC heap after
{Heap after GC invocations=288 (full 9):
 PSYoungGen      total 19456K, used 2044K [0x00000000eab00000, 0x00000000ec600000, 0x0000000100000000)
  eden space 17408K, 0% used [0x00000000eab00000,0x00000000eab00000,0x00000000ebc00000)
  from space 2048K, 99% used [0x00000000ebc80000,0x00000000ebe7f3b8,0x00000000ebe80000)
  to   space 5120K, 0% used [0x00000000ec100000,0x00000000ec100000,0x00000000ec600000)
 ParOldGen       total 104448K, used 80363K [0x00000000c0000000, 0x00000000c6600000, 0x00000000eab00000)
  object space 104448K, 76% used [0x00000000c0000000,0x00000000c4e7ad70,0x00000000c6600000)
 Metaspace       used 81202K, committed 82560K, reserved 1179648K
  class space    used 8338K, committed 8960K, reserved 1048576K
}
Event: 25.157 GC heap before
{Heap before GC invocations=289 (full 9):
 PSYoungGen      total 19456K, used 19452K [0x00000000eab00000, 0x00000000ec600000, 0x0000000100000000)
  eden space 17408K, 100% used [0x00000000eab00000,0x00000000ebc00000,0x00000000ebc00000)
  from space 2048K, 99% used [0x00000000ebc80000,0x00000000ebe7f3b8,0x00000000ebe80000)
  to   space 5120K, 0% used [0x00000000ec100000,0x00000000ec100000,0x00000000ec600000)
 ParOldGen       total 104448K, used 80363K [0x00000000c0000000, 0x00000000c6600000, 0x00000000eab00000)
  object space 104448K, 76% used [0x00000000c0000000,0x00000000c4e7ad70,0x00000000c6600000)
 Metaspace       used 81757K, committed 83200K, reserved 1179648K
  class space    used 8396K, committed 9024K, reserved 1048576K
}
Event: 25.163 GC heap after
{Heap after GC invocations=289 (full 9):
 PSYoungGen      total 18432K, used 5116K [0x00000000eab00000, 0x00000000ece00000, 0x0000000100000000)
  eden space 13312K, 0% used [0x00000000eab00000,0x00000000eab00000,0x00000000eb800000)
  from space 5120K, 99% used [0x00000000ec100000,0x00000000ec5ff3d8,0x00000000ec600000)
  to   space 9216K, 0% used [0x00000000eb800000,0x00000000eb800000,0x00000000ec100000)
 ParOldGen       total 104448K, used 83373K [0x00000000c0000000, 0x00000000c6600000, 0x00000000eab00000)
  object space 104448K, 79% used [0x00000000c0000000,0x00000000c516b4c8,0x00000000c6600000)
 Metaspace       used 81757K, committed 83200K, reserved 1179648K
  class space    used 8396K, committed 9024K, reserved 1048576K
}
Event: 25.783 GC heap before
{Heap before GC invocations=290 (full 9):
 PSYoungGen      total 18432K, used 18428K [0x00000000eab00000, 0x00000000ece00000, 0x0000000100000000)
  eden space 13312K, 100% used [0x00000000eab00000,0x00000000eb800000,0x00000000eb800000)
  from space 5120K, 99% used [0x00000000ec100000,0x00000000ec5ff3d8,0x00000000ec600000)
  to   space 9216K, 0% used [0x00000000eb800000,0x00000000eb800000,0x00000000ec100000)
 ParOldGen       total 104448K, used 83373K [0x00000000c0000000, 0x00000000c6600000, 0x00000000eab00000)
  object space 104448K, 79% used [0x00000000c0000000,0x00000000c516b4c8,0x00000000c6600000)
 Metaspace       used 81889K, committed 83328K, reserved 1179648K
  class space    used 8408K, committed 9024K, reserved 1048576K
}
Event: 25.787 GC heap after
{Heap after GC invocations=290 (full 9):
 PSYoungGen      total 18944K, used 5203K [0x00000000eab00000, 0x00000000ec500000, 0x0000000100000000)
  eden space 13312K, 0% used [0x00000000eab00000,0x00000000eab00000,0x00000000eb800000)
  from space 5632K, 92% used [0x00000000eb800000,0x00000000ebd14d70,0x00000000ebd80000)
  to   space 6656K, 0% used [0x00000000ebe80000,0x00000000ebe80000,0x00000000ec500000)
 ParOldGen       total 104448K, used 85041K [0x00000000c0000000, 0x00000000c6600000, 0x00000000eab00000)
  object space 104448K, 81% used [0x00000000c0000000,0x00000000c530c7e0,0x00000000c6600000)
 Metaspace       used 81889K, committed 83328K, reserved 1179648K
  class space    used 8408K, committed 9024K, reserved 1048576K
}
Event: 27.265 GC heap before
{Heap before GC invocations=291 (full 9):
 PSYoungGen      total 18944K, used 18515K [0x00000000eab00000, 0x00000000ec500000, 0x0000000100000000)
  eden space 13312K, 100% used [0x00000000eab00000,0x00000000eb800000,0x00000000eb800000)
  from space 5632K, 92% used [0x00000000eb800000,0x00000000ebd14d70,0x00000000ebd80000)
  to   space 6656K, 0% used [0x00000000ebe80000,0x00000000ebe80000,0x00000000ec500000)
 ParOldGen       total 104448K, used 85041K [0x00000000c0000000, 0x00000000c6600000, 0x00000000eab00000)
  object space 104448K, 81% used [0x00000000c0000000,0x00000000c530c7e0,0x00000000c6600000)
 Metaspace       used 82010K, committed 83456K, reserved 1179648K
  class space    used 8424K, committed 9088K, reserved 1048576K
}
Event: 27.270 GC heap after
{Heap after GC invocations=291 (full 9):
 PSYoungGen      total 18432K, used 4825K [0x00000000eab00000, 0x00000000ec380000, 0x0000000100000000)
  eden space 13312K, 0% used [0x00000000eab00000,0x00000000eab00000,0x00000000eb800000)
  from space 5120K, 94% used [0x00000000ebe80000,0x00000000ec336490,0x00000000ec380000)
  to   space 5632K, 0% used [0x00000000eb880000,0x00000000eb880000,0x00000000ebe00000)
 ParOldGen       total 104448K, used 85049K [0x00000000c0000000, 0x00000000c6600000, 0x00000000eab00000)
  object space 104448K, 81% used [0x00000000c0000000,0x00000000c530e7e0,0x00000000c6600000)
 Metaspace       used 82010K, committed 83456K, reserved 1179648K
  class space    used 8424K, committed 9088K, reserved 1048576K
}

