# JRE version: OpenJDK Runtime Environment Temurin-17.0.12+7 (17.0.12+7) (build 17.0.12+7)
# Java VM: OpenJDK 64-Bit Server VM Temurin-17.0.12+7 (17.0.12+7, mixed mode, tiered, compressed oops, compressed class ptrs, parallel gc, windows-amd64)
GC Precious Log:
 CPUs: 16 total, 16 available
 Memory: 8044M
 Large Page Support: Disabled
 NUMA Support: Disabled
 Compressed Oops: Enabled (32-bit)
 Alignments: Space 512K, Generation 512K, Heap 2M
 Heap Min Capacity: 100M
 Heap Initial Capacity: 100M
 Heap Max Capacity: 1G
 Pre-touch: Disabled
 Parallel Workers: 13
Heap:
 PSYoungGen      total 17408K, used 3505K [0x00000000eab00000, 0x00000000ebe00000, 0x0000000100000000)
  eden space 15872K, 15% used [0x00000000eab00000,0x00000000ead63258,0x00000000eba80000)
  from space 1536K, 70% used [0x00000000ebc80000,0x00000000ebd8d590,0x00000000ebe00000)
  to   space 1536K, 0% used [0x00000000ebb00000,0x00000000ebb00000,0x00000000ebc80000)
 ParOldGen       total 76288K, used 57066K [0x00000000c0000000, 0x00000000c4a80000, 0x00000000eab00000)
  object space 76288K, 74% used [0x00000000c0000000,0x00000000c37ba9e8,0x00000000c4a80000)
 Metaspace       used 65909K, committed 67264K, reserved 1114112K
  class space    used 6982K, committed 7616K, reserved 1048576K
GC Heap History (20 events):
Event: 8.533 GC heap before
{Heap before GC invocations=53 (full 4):
 PSYoungGen      total 17408K, used 17408K [0x00000000eab00000, 0x00000000ebe80000, 0x0000000100000000)
  eden space 15872K, 100% used [0x00000000eab00000,0x00000000eba80000,0x00000000eba80000)
  from space 1536K, 100% used [0x00000000ebb00000,0x00000000ebc80000,0x00000000ebc80000)
  to   space 2048K, 0% used [0x00000000ebc80000,0x00000000ebc80000,0x00000000ebe80000)
 ParOldGen       total 76288K, used 51233K [0x00000000c0000000, 0x00000000c4a80000, 0x00000000eab00000)
  object space 76288K, 67% used [0x00000000c0000000,0x00000000c3208788,0x00000000c4a80000)
 Metaspace       used 64216K, committed 65408K, reserved 1114112K
  class space    used 6843K, committed 7360K, reserved 1048576K
}
Event: 8.537 GC heap after
{Heap after GC invocations=53 (full 4):
 PSYoungGen      total 17408K, used 1248K [0x00000000eab00000, 0x00000000ebe00000, 0x0000000100000000)
  eden space 15872K, 0% used [0x00000000eab00000,0x00000000eab00000,0x00000000eba80000)
  from space 1536K, 81% used [0x00000000ebc80000,0x00000000ebdb8000,0x00000000ebe00000)
  to   space 1536K, 0% used [0x00000000ebb00000,0x00000000ebb00000,0x00000000ebc80000)
 ParOldGen       total 76288K, used 52561K [0x00000000c0000000, 0x00000000c4a80000, 0x00000000eab00000)
  object space 76288K, 68% used [0x00000000c0000000,0x00000000c3354788,0x00000000c4a80000)
 Metaspace       used 64216K, committed 65408K, reserved 1114112K
  class space    used 6843K, committed 7360K, reserved 1048576K
}
Event: 8.608 GC heap before
{Heap before GC invocations=54 (full 4):
 PSYoungGen      total 17408K, used 17120K [0x00000000eab00000, 0x00000000ebe00000, 0x0000000100000000)
  eden space 15872K, 100% used [0x00000000eab00000,0x00000000eba80000,0x00000000eba80000)
  from space 1536K, 81% used [0x00000000ebc80000,0x00000000ebdb8000,0x00000000ebe00000)
  to   space 1536K, 0% used [0x00000000ebb00000,0x00000000ebb00000,0x00000000ebc80000)
 ParOldGen       total 76288K, used 52561K [0x00000000c0000000, 0x00000000c4a80000, 0x00000000eab00000)
  object space 76288K, 68% used [0x00000000c0000000,0x00000000c3354788,0x00000000c4a80000)
 Metaspace       used 64492K, committed 65664K, reserved 1114112K
  class space    used 6855K, committed 7360K, reserved 1048576K
}
Event: 8.611 GC heap after
{Heap after GC invocations=54 (full 4):
 PSYoungGen      total 16896K, used 576K [0x00000000eab00000, 0x00000000ebd00000, 0x0000000100000000)
  eden space 15872K, 0% used [0x00000000eab00000,0x00000000eab00000,0x00000000eba80000)
  from space 1024K, 56% used [0x00000000ebb00000,0x00000000ebb90000,0x00000000ebc00000)
  to   space 1024K, 0% used [0x00000000ebc00000,0x00000000ebc00000,0x00000000ebd00000)
 ParOldGen       total 76288K, used 53586K [0x00000000c0000000, 0x00000000c4a80000, 0x00000000eab00000)
  object space 76288K, 70% used [0x00000000c0000000,0x00000000c3454988,0x00000000c4a80000)
 Metaspace       used 64492K, committed 65664K, reserved 1114112K
  class space    used 6855K, committed 7360K, reserved 1048576K
}
Event: 8.649 GC heap before
{Heap before GC invocations=55 (full 4):
 PSYoungGen      total 16896K, used 16448K [0x00000000eab00000, 0x00000000ebd00000, 0x0000000100000000)
  eden space 15872K, 100% used [0x00000000eab00000,0x00000000eba80000,0x00000000eba80000)
  from space 1024K, 56% used [0x00000000ebb00000,0x00000000ebb90000,0x00000000ebc00000)
  to   space 1024K, 0% used [0x00000000ebc00000,0x00000000ebc00000,0x00000000ebd00000)
 ParOldGen       total 76288K, used 53586K [0x00000000c0000000, 0x00000000c4a80000, 0x00000000eab00000)
  object space 76288K, 70% used [0x00000000c0000000,0x00000000c3454988,0x00000000c4a80000)
 Metaspace       used 64629K, committed 65728K, reserved 1114112K
  class space    used 6870K, committed 7360K, reserved 1048576K
}
Event: 8.650 GC heap after
{Heap after GC invocations=55 (full 4):
 PSYoungGen      total 16384K, used 448K [0x00000000eab00000, 0x00000000ebc80000, 0x0000000100000000)
  eden space 15872K, 0% used [0x00000000eab00000,0x00000000eab00000,0x00000000eba80000)
  from space 512K, 87% used [0x00000000ebc00000,0x00000000ebc70000,0x00000000ebc80000)
  to   space 1024K, 0% used [0x00000000eba80000,0x00000000eba80000,0x00000000ebb80000)
 ParOldGen       total 76288K, used 53954K [0x00000000c0000000, 0x00000000c4a80000, 0x00000000eab00000)
  object space 76288K, 70% used [0x00000000c0000000,0x00000000c34b0988,0x00000000c4a80000)
 Metaspace       used 64629K, committed 65728K, reserved 1114112K
  class space    used 6870K, committed 7360K, reserved 1048576K
}
Event: 8.665 GC heap before
{Heap before GC invocations=56 (full 4):
 PSYoungGen      total 16384K, used 16320K [0x00000000eab00000, 0x00000000ebc80000, 0x0000000100000000)
  eden space 15872K, 100% used [0x00000000eab00000,0x00000000eba80000,0x00000000eba80000)
  from space 512K, 87% used [0x00000000ebc00000,0x00000000ebc70000,0x00000000ebc80000)
  to   space 1024K, 0% used [0x00000000eba80000,0x00000000eba80000,0x00000000ebb80000)
 ParOldGen       total 76288K, used 53954K [0x00000000c0000000, 0x00000000c4a80000, 0x00000000eab00000)
  object space 76288K, 70% used [0x00000000c0000000,0x00000000c34b0988,0x00000000c4a80000)
 Metaspace       used 64647K, committed 65792K, reserved 1114112K
  class space    used 6873K, committed 7360K, reserved 1048576K
}
Event: 8.666 GC heap after
{Heap after GC invocations=56 (full 4):
 PSYoungGen      total 16896K, used 448K [0x00000000eab00000, 0x00000000ebc80000, 0x0000000100000000)
  eden space 15872K, 0% used [0x00000000eab00000,0x00000000eab00000,0x00000000eba80000)
  from space 1024K, 43% used [0x00000000eba80000,0x00000000ebaf0000,0x00000000ebb80000)
  to   space 512K, 0% used [0x00000000ebc00000,0x00000000ebc00000,0x00000000ebc80000)
 ParOldGen       total 76288K, used 54218K [0x00000000c0000000, 0x00000000c4a80000, 0x00000000eab00000)
  object space 76288K, 71% used [0x00000000c0000000,0x00000000c34f2998,0x00000000c4a80000)
 Metaspace       used 64647K, committed 65792K, reserved 1114112K
  class space    used 6873K, committed 7360K, reserved 1048576K
}
Event: 8.680 GC heap before
{Heap before GC invocations=57 (full 4):
 PSYoungGen      total 16896K, used 16320K [0x00000000eab00000, 0x00000000ebc80000, 0x0000000100000000)
  eden space 15872K, 100% used [0x00000000eab00000,0x00000000eba80000,0x00000000eba80000)
  from space 1024K, 43% used [0x00000000eba80000,0x00000000ebaf0000,0x00000000ebb80000)
  to   space 512K, 0% used [0x00000000ebc00000,0x00000000ebc00000,0x00000000ebc80000)
 ParOldGen       total 76288K, used 54218K [0x00000000c0000000, 0x00000000c4a80000, 0x00000000eab00000)
  object space 76288K, 71% used [0x00000000c0000000,0x00000000c34f2998,0x00000000c4a80000)
 Metaspace       used 64672K, committed 65792K, reserved 1114112K
  class space    used 6875K, committed 7360K, reserved 1048576K
}
Event: 8.682 GC heap after
{Heap after GC invocations=57 (full 4):
 PSYoungGen      total 16384K, used 480K [0x00000000eab00000, 0x00000000ebc80000, 0x0000000100000000)
  eden space 15872K, 0% used [0x00000000eab00000,0x00000000eab00000,0x00000000eba80000)
  from space 512K, 93% used [0x00000000ebc00000,0x00000000ebc78000,0x00000000ebc80000)
  to   space 512K, 0% used [0x00000000ebb80000,0x00000000ebb80000,0x00000000ebc00000)
 ParOldGen       total 76288K, used 54506K [0x00000000c0000000, 0x00000000c4a80000, 0x00000000eab00000)
  object space 76288K, 71% used [0x00000000c0000000,0x00000000c353a998,0x00000000c4a80000)
 Metaspace       used 64672K, committed 65792K, reserved 1114112K
  class space    used 6875K, committed 7360K, reserved 1048576K
}
Event: 8.699 GC heap before
{Heap before GC invocations=58 (full 4):
 PSYoungGen      total 16384K, used 16352K [0x00000000eab00000, 0x00000000ebc80000, 0x0000000100000000)
  eden space 15872K, 100% used [0x00000000eab00000,0x00000000eba80000,0x00000000eba80000)
  from space 512K, 93% used [0x00000000ebc00000,0x00000000ebc78000,0x00000000ebc80000)
  to   space 512K, 0% used [0x00000000ebb80000,0x00000000ebb80000,0x00000000ebc00000)
 ParOldGen       total 76288K, used 54506K [0x00000000c0000000, 0x00000000c4a80000, 0x00000000eab00000)
  object space 76288K, 71% used [0x00000000c0000000,0x00000000c353a998,0x00000000c4a80000)
 Metaspace       used 64702K, committed 65920K, reserved 1114112K
  class space    used 6882K, committed 7424K, reserved 1048576K
}
Event: 8.701 GC heap after
{Heap after GC invocations=58 (full 4):
 PSYoungGen      total 16384K, used 512K [0x00000000eab00000, 0x00000000ebc80000, 0x0000000100000000)
  eden space 15872K, 0% used [0x00000000eab00000,0x00000000eab00000,0x00000000eba80000)
  from space 512K, 100% used [0x00000000ebb80000,0x00000000ebc00000,0x00000000ebc00000)
  to   space 512K, 0% used [0x00000000ebc00000,0x00000000ebc00000,0x00000000ebc80000)
 ParOldGen       total 76288K, used 54850K [0x00000000c0000000, 0x00000000c4a80000, 0x00000000eab00000)
  object space 76288K, 71% used [0x00000000c0000000,0x00000000c35909a8,0x00000000c4a80000)
 Metaspace       used 64702K, committed 65920K, reserved 1114112K
  class space    used 6882K, committed 7424K, reserved 1048576K
}
Event: 8.717 GC heap before
{Heap before GC invocations=59 (full 4):
 PSYoungGen      total 16384K, used 16384K [0x00000000eab00000, 0x00000000ebc80000, 0x0000000100000000)
  eden space 15872K, 100% used [0x00000000eab00000,0x00000000eba80000,0x00000000eba80000)
  from space 512K, 100% used [0x00000000ebb80000,0x00000000ebc00000,0x00000000ebc00000)
  to   space 512K, 0% used [0x00000000ebc00000,0x00000000ebc00000,0x00000000ebc80000)
 ParOldGen       total 76288K, used 54850K [0x00000000c0000000, 0x00000000c4a80000, 0x00000000eab00000)
  object space 76288K, 71% used [0x00000000c0000000,0x00000000c35909a8,0x00000000c4a80000)
 Metaspace       used 64733K, committed 65920K, reserved 1114112K
  class space    used 6884K, committed 7424K, reserved 1048576K
}
Event: 8.718 GC heap after
{Heap after GC invocations=59 (full 4):
 PSYoungGen      total 16384K, used 480K [0x00000000eab00000, 0x00000000ebc80000, 0x0000000100000000)
  eden space 15872K, 0% used [0x00000000eab00000,0x00000000eab00000,0x00000000eba80000)
  from space 512K, 93% used [0x00000000ebc00000,0x00000000ebc78000,0x00000000ebc80000)
  to   space 1024K, 0% used [0x00000000eba80000,0x00000000eba80000,0x00000000ebb80000)
 ParOldGen       total 76288K, used 55210K [0x00000000c0000000, 0x00000000c4a80000, 0x00000000eab00000)
  object space 76288K, 72% used [0x00000000c0000000,0x00000000c35ea9a8,0x00000000c4a80000)
 Metaspace       used 64733K, committed 65920K, reserved 1114112K
  class space    used 6884K, committed 7424K, reserved 1048576K
}
Event: 8.733 GC heap before
{Heap before GC invocations=60 (full 4):
 PSYoungGen      total 16384K, used 16352K [0x00000000eab00000, 0x00000000ebc80000, 0x0000000100000000)
  eden space 15872K, 100% used [0x00000000eab00000,0x00000000eba80000,0x00000000eba80000)
  from space 512K, 93% used [0x00000000ebc00000,0x00000000ebc78000,0x00000000ebc80000)
  to   space 1024K, 0% used [0x00000000eba80000,0x00000000eba80000,0x00000000ebb80000)
 ParOldGen       total 76288K, used 55210K [0x00000000c0000000, 0x00000000c4a80000, 0x00000000eab00000)
  object space 76288K, 72% used [0x00000000c0000000,0x00000000c35ea9a8,0x00000000c4a80000)
 Metaspace       used 64817K, committed 65984K, reserved 1114112K
  class space    used 6896K, committed 7424K, reserved 1048576K
}
Event: 8.736 GC heap after
{Heap after GC invocations=60 (full 4):
 PSYoungGen      total 16896K, used 544K [0x00000000eab00000, 0x00000000ebc80000, 0x0000000100000000)
  eden space 15872K, 0% used [0x00000000eab00000,0x00000000eab00000,0x00000000eba80000)
  from space 1024K, 53% used [0x00000000eba80000,0x00000000ebb08000,0x00000000ebb80000)
  to   space 1024K, 0% used [0x00000000ebb80000,0x00000000ebb80000,0x00000000ebc80000)
 ParOldGen       total 76288K, used 55562K [0x00000000c0000000, 0x00000000c4a80000, 0x00000000eab00000)
  object space 76288K, 72% used [0x00000000c0000000,0x00000000c36429a8,0x00000000c4a80000)
 Metaspace       used 64817K, committed 65984K, reserved 1114112K
  class space    used 6896K, committed 7424K, reserved 1048576K
}
Event: 8.757 GC heap before
{Heap before GC invocations=61 (full 4):
 PSYoungGen      total 16896K, used 16416K [0x00000000eab00000, 0x00000000ebc80000, 0x0000000100000000)
  eden space 15872K, 100% used [0x00000000eab00000,0x00000000eba80000,0x00000000eba80000)
  from space 1024K, 53% used [0x00000000eba80000,0x00000000ebb08000,0x00000000ebb80000)
  to   space 1024K, 0% used [0x00000000ebb80000,0x00000000ebb80000,0x00000000ebc80000)
 ParOldGen       total 76288K, used 55562K [0x00000000c0000000, 0x00000000c4a80000, 0x00000000eab00000)
  object space 76288K, 72% used [0x00000000c0000000,0x00000000c36429a8,0x00000000c4a80000)
 Metaspace       used 65074K, committed 66240K, reserved 1114112K
  class space    used 6910K, committed 7424K, reserved 1048576K
}
Event: 8.760 GC heap after
{Heap after GC invocations=61 (full 4):
 PSYoungGen      total 16896K, used 636K [0x00000000eab00000, 0x00000000ebc80000, 0x0000000100000000)
  eden space 15872K, 0% used [0x00000000eab00000,0x00000000eab00000,0x00000000eba80000)
  from space 1024K, 62% used [0x00000000ebb80000,0x00000000ebc1f288,0x00000000ebc80000)
  to   space 1024K, 0% used [0x00000000eba80000,0x00000000eba80000,0x00000000ebb80000)
 ParOldGen       total 76288K, used 55906K [0x00000000c0000000, 0x00000000c4a80000, 0x00000000eab00000)
  object space 76288K, 73% used [0x00000000c0000000,0x00000000c36989b8,0x00000000c4a80000)
 Metaspace       used 65074K, committed 66240K, reserved 1114112K
  class space    used 6910K, committed 7424K, reserved 1048576K
}
Event: 8.781 GC heap before
{Heap before GC invocations=62 (full 4):
 PSYoungGen      total 16896K, used 16508K [0x00000000eab00000, 0x00000000ebc80000, 0x0000000100000000)
  eden space 15872K, 100% used [0x00000000eab00000,0x00000000eba80000,0x00000000eba80000)
  from space 1024K, 62% used [0x00000000ebb80000,0x00000000ebc1f288,0x00000000ebc80000)
  to   space 1024K, 0% used [0x00000000eba80000,0x00000000eba80000,0x00000000ebb80000)
 ParOldGen       total 76288K, used 55906K [0x00000000c0000000, 0x00000000c4a80000, 0x00000000eab00000)
  object space 76288K, 73% used [0x00000000c0000000,0x00000000c36989b8,0x00000000c4a80000)
 Metaspace       used 65268K, committed 66496K, reserved 1114112K
  class space    used 6923K, committed 7488K, reserved 1048576K
}
Event: 8.784 GC heap after
{Heap after GC invocations=62 (full 4):
 PSYoungGen      total 16896K, used 1000K [0x00000000eab00000, 0x00000000ebe80000, 0x0000000100000000)
  eden space 15872K, 0% used [0x00000000eab00000,0x00000000eab00000,0x00000000eba80000)
  from space 1024K, 97% used [0x00000000eba80000,0x00000000ebb7a330,0x00000000ebb80000)
  to   space 2048K, 0% used [0x00000000ebc80000,0x00000000ebc80000,0x00000000ebe80000)
 ParOldGen       total 76288K, used 56338K [0x00000000c0000000, 0x00000000c4a80000, 0x00000000eab00000)
  object space 76288K, 73% used [0x00000000c0000000,0x00000000c37049b8,0x00000000c4a80000)
 Metaspace       used 65268K, committed 66496K, reserved 1114112K
  class space    used 6923K, committed 7488K, reserved 1048576K
}

