# JRE version: Java(TM) SE Runtime Environment (22.0.2+9) (build 22.0.2+9-70)
# Java VM: Java HotSpot(TM) 64-Bit Server VM (22.0.2+9-70, mixed mode, sharing, tiered, compressed oops, compressed class ptrs, g1 gc, windows-amd64)
GC Precious Log:
 CardTable entry size: 512
 Card Set container configuration: InlinePtr #cards 5 size 8 Array Of Cards #cards 12 size 40 Howl #buckets 4 coarsen threshold 1843 Howl Bitmap #cards 512 size 80 coarsen threshold 460 Card regions per heap region 1 cards per card region 2048
 CPUs: 16 total, 16 available
 Memory: 8044M
 Large Page Support: Disabled
 NUMA Support: Disabled
 Compressed Oops: Enabled (32-bit)
 Heap Region Size: 1M
 Heap Min Capacity: 8M
 Heap Initial Capacity: 126M
 Heap Max Capacity: 2012M
 Pre-touch: Disabled
 Parallel Workers: 13
 Concurrent Workers: 3
 Concurrent Refinement Workers: 13
 Periodic GC: Disabled
Heap:
 garbage-first heap   total reserved 2060288K, committed 91136K, used 37678K [0x0000000082400000, 0x0000000100000000)
  region size 1024K, 1 young (1024K), 1 survivors (1024K)
 Metaspace       used 86349K, committed 87232K, reserved 1179648K
  class space    used 11369K, committed 11776K, reserved 1048576K
GC Heap History (20 events):
Event: 149.282 GC heap after
{Heap after GC invocations=154 (full 0):
 garbage-first heap   total reserved 2060288K, committed 91136K, used 37640K [0x0000000082400000, 0x0000000100000000)
  region size 1024K, 1 young (1024K), 1 survivors (1024K)
 Metaspace       used 86349K, committed 87232K, reserved 1179648K
  class space    used 11369K, committed 11776K, reserved 1048576K
}
Event: 150.602 GC heap before
{Heap before GC invocations=154 (full 0):
 garbage-first heap   total reserved 2060288K, committed 91136K, used 82696K [0x0000000082400000, 0x0000000100000000)
  region size 1024K, 46 young (47104K), 1 survivors (1024K)
 Metaspace       used 86349K, committed 87232K, reserved 1179648K
  class space    used 11369K, committed 11776K, reserved 1048576K
}
Event: 150.605 GC heap after
{Heap after GC invocations=155 (full 0):
 garbage-first heap   total reserved 2060288K, committed 91136K, used 37676K [0x0000000082400000, 0x0000000100000000)
  region size 1024K, 1 young (1024K), 1 survivors (1024K)
 Metaspace       used 86349K, committed 87232K, reserved 1179648K
  class space    used 11369K, committed 11776K, reserved 1048576K
}
Event: 151.782 GC heap before
{Heap before GC invocations=156 (full 0):
 garbage-first heap   total reserved 2060288K, committed 91136K, used 82732K [0x0000000082400000, 0x0000000100000000)
  region size 1024K, 46 young (47104K), 1 survivors (1024K)
 Metaspace       used 86349K, committed 87232K, reserved 1179648K
  class space    used 11369K, committed 11776K, reserved 1048576K
}
Event: 151.783 GC heap after
{Heap after GC invocations=157 (full 0):
 garbage-first heap   total reserved 2060288K, committed 91136K, used 37701K [0x0000000082400000, 0x0000000100000000)
  region size 1024K, 1 young (1024K), 1 survivors (1024K)
 Metaspace       used 86349K, committed 87232K, reserved 1179648K
  class space    used 11369K, committed 11776K, reserved 1048576K
}
Event: 153.519 GC heap before
{Heap before GC invocations=157 (full 0):
 garbage-first heap   total reserved 2060288K, committed 91136K, used 82757K [0x0000000082400000, 0x0000000100000000)
  region size 1024K, 46 young (47104K), 1 survivors (1024K)
 Metaspace       used 86349K, committed 87232K, reserved 1179648K
  class space    used 11369K, committed 11776K, reserved 1048576K
}
Event: 153.522 GC heap after
{Heap after GC invocations=158 (full 0):
 garbage-first heap   total reserved 2060288K, committed 91136K, used 37680K [0x0000000082400000, 0x0000000100000000)
  region size 1024K, 1 young (1024K), 1 survivors (1024K)
 Metaspace       used 86349K, committed 87232K, reserved 1179648K
  class space    used 11369K, committed 11776K, reserved 1048576K
}
Event: 154.879 GC heap before
{Heap before GC invocations=159 (full 0):
 garbage-first heap   total reserved 2060288K, committed 91136K, used 82736K [0x0000000082400000, 0x0000000100000000)
  region size 1024K, 46 young (47104K), 1 survivors (1024K)
 Metaspace       used 86349K, committed 87232K, reserved 1179648K
  class space    used 11369K, committed 11776K, reserved 1048576K
}
Event: 154.881 GC heap after
{Heap after GC invocations=160 (full 0):
 garbage-first heap   total reserved 2060288K, committed 91136K, used 37660K [0x0000000082400000, 0x0000000100000000)
  region size 1024K, 1 young (1024K), 1 survivors (1024K)
 Metaspace       used 86349K, committed 87232K, reserved 1179648K
  class space    used 11369K, committed 11776K, reserved 1048576K
}
Event: 155.961 GC heap before
{Heap before GC invocations=160 (full 0):
 garbage-first heap   total reserved 2060288K, committed 91136K, used 83740K [0x0000000082400000, 0x0000000100000000)
  region size 1024K, 46 young (47104K), 1 survivors (1024K)
 Metaspace       used 86349K, committed 87232K, reserved 1179648K
  class space    used 11369K, committed 11776K, reserved 1048576K
}
Event: 155.963 GC heap after
{Heap after GC invocations=161 (full 0):
 garbage-first heap   total reserved 2060288K, committed 91136K, used 37682K [0x0000000082400000, 0x0000000100000000)
  region size 1024K, 1 young (1024K), 1 survivors (1024K)
 Metaspace       used 86349K, committed 87232K, reserved 1179648K
  class space    used 11369K, committed 11776K, reserved 1048576K
}
Event: 158.278 GC heap before
{Heap before GC invocations=162 (full 0):
 garbage-first heap   total reserved 2060288K, committed 91136K, used 82738K [0x0000000082400000, 0x0000000100000000)
  region size 1024K, 46 young (47104K), 1 survivors (1024K)
 Metaspace       used 86349K, committed 87232K, reserved 1179648K
  class space    used 11369K, committed 11776K, reserved 1048576K
}
Event: 158.279 GC heap after
{Heap after GC invocations=163 (full 0):
 garbage-first heap   total reserved 2060288K, committed 91136K, used 37664K [0x0000000082400000, 0x0000000100000000)
  region size 1024K, 1 young (1024K), 1 survivors (1024K)
 Metaspace       used 86349K, committed 87232K, reserved 1179648K
  class space    used 11369K, committed 11776K, reserved 1048576K
}
Event: 159.230 GC heap before
{Heap before GC invocations=163 (full 0):
 garbage-first heap   total reserved 2060288K, committed 91136K, used 83744K [0x0000000082400000, 0x0000000100000000)
  region size 1024K, 46 young (47104K), 1 survivors (1024K)
 Metaspace       used 86349K, committed 87232K, reserved 1179648K
  class space    used 11369K, committed 11776K, reserved 1048576K
}
Event: 159.232 GC heap after
{Heap after GC invocations=164 (full 0):
 garbage-first heap   total reserved 2060288K, committed 91136K, used 37670K [0x0000000082400000, 0x0000000100000000)
  region size 1024K, 1 young (1024K), 1 survivors (1024K)
 Metaspace       used 86349K, committed 87232K, reserved 1179648K
  class space    used 11369K, committed 11776K, reserved 1048576K
}
Event: 160.348 GC heap before
{Heap before GC invocations=165 (full 0):
 garbage-first heap   total reserved 2060288K, committed 91136K, used 82726K [0x0000000082400000, 0x0000000100000000)
  region size 1024K, 46 young (47104K), 1 survivors (1024K)
 Metaspace       used 86349K, committed 87232K, reserved 1179648K
  class space    used 11369K, committed 11776K, reserved 1048576K
}
Event: 160.350 GC heap after
{Heap after GC invocations=166 (full 0):
 garbage-first heap   total reserved 2060288K, committed 91136K, used 37668K [0x0000000082400000, 0x0000000100000000)
  region size 1024K, 1 young (1024K), 1 survivors (1024K)
 Metaspace       used 86349K, committed 87232K, reserved 1179648K
  class space    used 11369K, committed 11776K, reserved 1048576K
}
Event: 161.647 GC heap before
{Heap before GC invocations=166 (full 0):
 garbage-first heap   total reserved 2060288K, committed 91136K, used 82724K [0x0000000082400000, 0x0000000100000000)
  region size 1024K, 46 young (47104K), 1 survivors (1024K)
 Metaspace       used 86349K, committed 87232K, reserved 1179648K
  class space    used 11369K, committed 11776K, reserved 1048576K
}
Event: 161.649 GC heap after
{Heap after GC invocations=167 (full 0):
 garbage-first heap   total reserved 2060288K, committed 91136K, used 37673K [0x0000000082400000, 0x0000000100000000)
  region size 1024K, 1 young (1024K), 1 survivors (1024K)
 Metaspace       used 86349K, committed 87232K, reserved 1179648K
  class space    used 11369K, committed 11776K, reserved 1048576K
}
Event: 162.994 GC heap before
{Heap before GC invocations=168 (full 0):
 garbage-first heap   total reserved 2060288K, committed 91136K, used 82729K [0x0000000082400000, 0x0000000100000000)
  region size 1024K, 46 young (47104K), 1 survivors (1024K)
 Metaspace       used 86349K, committed 87232K, reserved 1179648K
  class space    used 11369K, committed 11776K, reserved 1048576K
}

