# JRE version: OpenJDK Runtime Environment Temurin-17.0.12+7 (17.0.12+7) (build 17.0.12+7)
# Java VM: OpenJDK 64-Bit Server VM Temurin-17.0.12+7 (17.0.12+7, mixed mode, tiered, compressed oops, compressed class ptrs, parallel gc, windows-amd64)
GC Precious Log:
 CPUs: 16 total, 16 available
 Memory: 8044M
 Large Page Support: Disabled
 NUMA Support: Disabled
 Compressed Oops: Enabled (32-bit)
 Alignments: Space 512K, Generation 512K, Heap 2M
 Heap Min Capacity: 100M
 Heap Initial Capacity: 100M
 Heap Max Capacity: 1G
 Pre-touch: Disabled
 Parallel Workers: 13
Heap:
 PSYoungGen      total 5120K, used 4312K [0x00000000eab00000, 0x00000000eb100000, 0x0000000100000000)
  eden space 4096K, 85% used [0x00000000eab00000,0x00000000eae67a20,0x00000000eaf00000)
  from space 1024K, 80% used [0x00000000eb000000,0x00000000eb0ce900,0x00000000eb100000)
  to   space 1024K, 0% used [0x00000000eaf00000,0x00000000eaf00000,0x00000000eb000000)
 ParOldGen       total 153088K, used 130312K [0x00000000c0000000, 0x00000000c9580000, 0x00000000eab00000)
  object space 153088K, 85% used [0x00000000c0000000,0x00000000c7f423a0,0x00000000c9580000)
 Metaspace       used 97484K, committed 99072K, reserved 1179648K
  class space    used 10016K, committed 10752K, reserved 1048576K
GC Heap History (20 events):
Event: 250.219 GC heap before
{Heap before GC invocations=945 (full 27):
 PSYoungGen      total 4608K, used 4512K [0x00000000eab00000, 0x00000000eb080000, 0x0000000100000000)
  eden space 4096K, 100% used [0x00000000eab00000,0x00000000eaf00000,0x00000000eaf00000)
  from space 512K, 81% used [0x00000000eb000000,0x00000000eb068000,0x00000000eb080000)
  to   space 512K, 0% used [0x00000000eaf80000,0x00000000eaf80000,0x00000000eb000000)
 ParOldGen       total 153088K, used 126308K [0x00000000c0000000, 0x00000000c9580000, 0x00000000eab00000)
  object space 153088K, 82% used [0x00000000c0000000,0x00000000c7b591b8,0x00000000c9580000)
 Metaspace       used 97475K, committed 99072K, reserved 1179648K
  class space    used 10016K, committed 10752K, reserved 1048576K
}
Event: 250.220 GC heap after
{Heap after GC invocations=945 (full 27):
 PSYoungGen      total 4608K, used 506K [0x00000000eab00000, 0x00000000eb100000, 0x0000000100000000)
  eden space 4096K, 0% used [0x00000000eab00000,0x00000000eab00000,0x00000000eaf00000)
  from space 512K, 98% used [0x00000000eaf80000,0x00000000eaffe900,0x00000000eb000000)
  to   space 1024K, 0% used [0x00000000eb000000,0x00000000eb000000,0x00000000eb100000)
 ParOldGen       total 153088K, used 126492K [0x00000000c0000000, 0x00000000c9580000, 0x00000000eab00000)
  object space 153088K, 82% used [0x00000000c0000000,0x00000000c7b871b8,0x00000000c9580000)
 Metaspace       used 97475K, committed 99072K, reserved 1179648K
  class space    used 10016K, committed 10752K, reserved 1048576K
}
Event: 250.227 GC heap before
{Heap before GC invocations=946 (full 27):
 PSYoungGen      total 4608K, used 4602K [0x00000000eab00000, 0x00000000eb100000, 0x0000000100000000)
  eden space 4096K, 100% used [0x00000000eab00000,0x00000000eaf00000,0x00000000eaf00000)
  from space 512K, 98% used [0x00000000eaf80000,0x00000000eaffe900,0x00000000eb000000)
  to   space 1024K, 0% used [0x00000000eb000000,0x00000000eb000000,0x00000000eb100000)
 ParOldGen       total 153088K, used 126492K [0x00000000c0000000, 0x00000000c9580000, 0x00000000eab00000)
  object space 153088K, 82% used [0x00000000c0000000,0x00000000c7b871b8,0x00000000c9580000)
 Metaspace       used 97475K, committed 99072K, reserved 1179648K
  class space    used 10016K, committed 10752K, reserved 1048576K
}
Event: 250.229 GC heap after
{Heap after GC invocations=946 (full 27):
 PSYoungGen      total 5120K, used 666K [0x00000000eab00000, 0x00000000eb100000, 0x0000000100000000)
  eden space 4096K, 0% used [0x00000000eab00000,0x00000000eab00000,0x00000000eaf00000)
  from space 1024K, 65% used [0x00000000eb000000,0x00000000eb0a6920,0x00000000eb100000)
  to   space 1024K, 0% used [0x00000000eaf00000,0x00000000eaf00000,0x00000000eb000000)
 ParOldGen       total 153088K, used 126960K [0x00000000c0000000, 0x00000000c9580000, 0x00000000eab00000)
  object space 153088K, 82% used [0x00000000c0000000,0x00000000c7bfc1e8,0x00000000c9580000)
 Metaspace       used 97475K, committed 99072K, reserved 1179648K
  class space    used 10016K, committed 10752K, reserved 1048576K
}
Event: 250.236 GC heap before
{Heap before GC invocations=947 (full 27):
 PSYoungGen      total 5120K, used 4762K [0x00000000eab00000, 0x00000000eb100000, 0x0000000100000000)
  eden space 4096K, 100% used [0x00000000eab00000,0x00000000eaf00000,0x00000000eaf00000)
  from space 1024K, 65% used [0x00000000eb000000,0x00000000eb0a6920,0x00000000eb100000)
  to   space 1024K, 0% used [0x00000000eaf00000,0x00000000eaf00000,0x00000000eb000000)
 ParOldGen       total 153088K, used 126960K [0x00000000c0000000, 0x00000000c9580000, 0x00000000eab00000)
  object space 153088K, 82% used [0x00000000c0000000,0x00000000c7bfc1e8,0x00000000c9580000)
 Metaspace       used 97475K, committed 99072K, reserved 1179648K
  class space    used 10016K, committed 10752K, reserved 1048576K
}
Event: 250.237 GC heap after
{Heap after GC invocations=947 (full 27):
 PSYoungGen      total 5120K, used 688K [0x00000000eab00000, 0x00000000eb100000, 0x0000000100000000)
  eden space 4096K, 0% used [0x00000000eab00000,0x00000000eab00000,0x00000000eaf00000)
  from space 1024K, 67% used [0x00000000eaf00000,0x00000000eafac010,0x00000000eb000000)
  to   space 1024K, 0% used [0x00000000eb000000,0x00000000eb000000,0x00000000eb100000)
 ParOldGen       total 153088K, used 127397K [0x00000000c0000000, 0x00000000c9580000, 0x00000000eab00000)
  object space 153088K, 83% used [0x00000000c0000000,0x00000000c7c69408,0x00000000c9580000)
 Metaspace       used 97475K, committed 99072K, reserved 1179648K
  class space    used 10016K, committed 10752K, reserved 1048576K
}
Event: 250.544 GC heap before
{Heap before GC invocations=948 (full 27):
 PSYoungGen      total 5120K, used 4784K [0x00000000eab00000, 0x00000000eb100000, 0x0000000100000000)
  eden space 4096K, 100% used [0x00000000eab00000,0x00000000eaf00000,0x00000000eaf00000)
  from space 1024K, 67% used [0x00000000eaf00000,0x00000000eafac010,0x00000000eb000000)
  to   space 1024K, 0% used [0x00000000eb000000,0x00000000eb000000,0x00000000eb100000)
 ParOldGen       total 153088K, used 127397K [0x00000000c0000000, 0x00000000c9580000, 0x00000000eab00000)
  object space 153088K, 83% used [0x00000000c0000000,0x00000000c7c69408,0x00000000c9580000)
 Metaspace       used 97475K, committed 99072K, reserved 1179648K
  class space    used 10016K, committed 10752K, reserved 1048576K
}
Event: 250.546 GC heap after
{Heap after GC invocations=948 (full 27):
 PSYoungGen      total 5120K, used 698K [0x00000000eab00000, 0x00000000eb100000, 0x0000000100000000)
  eden space 4096K, 0% used [0x00000000eab00000,0x00000000eab00000,0x00000000eaf00000)
  from space 1024K, 68% used [0x00000000eb000000,0x00000000eb0ae920,0x00000000eb100000)
  to   space 1024K, 0% used [0x00000000eaf00000,0x00000000eaf00000,0x00000000eb000000)
 ParOldGen       total 153088K, used 127908K [0x00000000c0000000, 0x00000000c9580000, 0x00000000eab00000)
  object space 153088K, 83% used [0x00000000c0000000,0x00000000c7ce9238,0x00000000c9580000)
 Metaspace       used 97475K, committed 99072K, reserved 1179648K
  class space    used 10016K, committed 10752K, reserved 1048576K
}
Event: 250.630 GC heap before
{Heap before GC invocations=949 (full 27):
 PSYoungGen      total 5120K, used 4794K [0x00000000eab00000, 0x00000000eb100000, 0x0000000100000000)
  eden space 4096K, 100% used [0x00000000eab00000,0x00000000eaf00000,0x00000000eaf00000)
  from space 1024K, 68% used [0x00000000eb000000,0x00000000eb0ae920,0x00000000eb100000)
  to   space 1024K, 0% used [0x00000000eaf00000,0x00000000eaf00000,0x00000000eb000000)
 ParOldGen       total 153088K, used 127908K [0x00000000c0000000, 0x00000000c9580000, 0x00000000eab00000)
  object space 153088K, 83% used [0x00000000c0000000,0x00000000c7ce9238,0x00000000c9580000)
 Metaspace       used 97482K, committed 99072K, reserved 1179648K
  class space    used 10016K, committed 10752K, reserved 1048576K
}
Event: 250.632 GC heap after
{Heap after GC invocations=949 (full 27):
 PSYoungGen      total 5120K, used 682K [0x00000000eab00000, 0x00000000eb100000, 0x0000000100000000)
  eden space 4096K, 0% used [0x00000000eab00000,0x00000000eab00000,0x00000000eaf00000)
  from space 1024K, 66% used [0x00000000eaf00000,0x00000000eafaa930,0x00000000eb000000)
  to   space 1024K, 0% used [0x00000000eb000000,0x00000000eb000000,0x00000000eb100000)
 ParOldGen       total 153088K, used 128236K [0x00000000c0000000, 0x00000000c9580000, 0x00000000eab00000)
  object space 153088K, 83% used [0x00000000c0000000,0x00000000c7d3b068,0x00000000c9580000)
 Metaspace       used 97482K, committed 99072K, reserved 1179648K
  class space    used 10016K, committed 10752K, reserved 1048576K
}
Event: 250.646 GC heap before
{Heap before GC invocations=950 (full 27):
 PSYoungGen      total 5120K, used 4778K [0x00000000eab00000, 0x00000000eb100000, 0x0000000100000000)
  eden space 4096K, 100% used [0x00000000eab00000,0x00000000eaf00000,0x00000000eaf00000)
  from space 1024K, 66% used [0x00000000eaf00000,0x00000000eafaa930,0x00000000eb000000)
  to   space 1024K, 0% used [0x00000000eb000000,0x00000000eb000000,0x00000000eb100000)
 ParOldGen       total 153088K, used 128236K [0x00000000c0000000, 0x00000000c9580000, 0x00000000eab00000)
  object space 153088K, 83% used [0x00000000c0000000,0x00000000c7d3b068,0x00000000c9580000)
 Metaspace       used 97482K, committed 99072K, reserved 1179648K
  class space    used 10016K, committed 10752K, reserved 1048576K
}
Event: 250.648 GC heap after
{Heap after GC invocations=950 (full 27):
 PSYoungGen      total 5120K, used 448K [0x00000000eab00000, 0x00000000eb100000, 0x0000000100000000)
  eden space 4096K, 0% used [0x00000000eab00000,0x00000000eab00000,0x00000000eaf00000)
  from space 1024K, 43% used [0x00000000eb000000,0x00000000eb070000,0x00000000eb100000)
  to   space 1024K, 0% used [0x00000000eaf00000,0x00000000eaf00000,0x00000000eb000000)
 ParOldGen       total 153088K, used 128800K [0x00000000c0000000, 0x00000000c9580000, 0x00000000eab00000)
  object space 153088K, 84% used [0x00000000c0000000,0x00000000c7dc80b8,0x00000000c9580000)
 Metaspace       used 97482K, committed 99072K, reserved 1179648K
  class space    used 10016K, committed 10752K, reserved 1048576K
}
Event: 250.851 GC heap before
{Heap before GC invocations=951 (full 27):
 PSYoungGen      total 5120K, used 4543K [0x00000000eab00000, 0x00000000eb100000, 0x0000000100000000)
  eden space 4096K, 99% used [0x00000000eab00000,0x00000000eaeffff8,0x00000000eaf00000)
  from space 1024K, 43% used [0x00000000eb000000,0x00000000eb070000,0x00000000eb100000)
  to   space 1024K, 0% used [0x00000000eaf00000,0x00000000eaf00000,0x00000000eb000000)
 ParOldGen       total 153088K, used 128800K [0x00000000c0000000, 0x00000000c9580000, 0x00000000eab00000)
  object space 153088K, 84% used [0x00000000c0000000,0x00000000c7dc80b8,0x00000000c9580000)
 Metaspace       used 97484K, committed 99072K, reserved 1179648K
  class space    used 10016K, committed 10752K, reserved 1048576K
}
Event: 250.852 GC heap after
{Heap after GC invocations=951 (full 27):
 PSYoungGen      total 5120K, used 666K [0x00000000eab00000, 0x00000000eb100000, 0x0000000100000000)
  eden space 4096K, 0% used [0x00000000eab00000,0x00000000eab00000,0x00000000eaf00000)
  from space 1024K, 65% used [0x00000000eaf00000,0x00000000eafa6920,0x00000000eb000000)
  to   space 1024K, 0% used [0x00000000eb000000,0x00000000eb000000,0x00000000eb100000)
 ParOldGen       total 153088K, used 129144K [0x00000000c0000000, 0x00000000c9580000, 0x00000000eab00000)
  object space 153088K, 84% used [0x00000000c0000000,0x00000000c7e1e0d8,0x00000000c9580000)
 Metaspace       used 97484K, committed 99072K, reserved 1179648K
  class space    used 10016K, committed 10752K, reserved 1048576K
}
Event: 251.027 GC heap before
{Heap before GC invocations=952 (full 27):
 PSYoungGen      total 5120K, used 4762K [0x00000000eab00000, 0x00000000eb100000, 0x0000000100000000)
  eden space 4096K, 99% used [0x00000000eab00000,0x00000000eaefffc8,0x00000000eaf00000)
  from space 1024K, 65% used [0x00000000eaf00000,0x00000000eafa6920,0x00000000eb000000)
  to   space 1024K, 0% used [0x00000000eb000000,0x00000000eb000000,0x00000000eb100000)
 ParOldGen       total 153088K, used 129144K [0x00000000c0000000, 0x00000000c9580000, 0x00000000eab00000)
  object space 153088K, 84% used [0x00000000c0000000,0x00000000c7e1e0d8,0x00000000c9580000)
 Metaspace       used 97484K, committed 99072K, reserved 1179648K
  class space    used 10016K, committed 10752K, reserved 1048576K
}
Event: 251.028 GC heap after
{Heap after GC invocations=952 (full 27):
 PSYoungGen      total 5120K, used 730K [0x00000000eab00000, 0x00000000eb100000, 0x0000000100000000)
  eden space 4096K, 0% used [0x00000000eab00000,0x00000000eab00000,0x00000000eaf00000)
  from space 1024K, 71% used [0x00000000eb000000,0x00000000eb0b6900,0x00000000eb100000)
  to   space 1024K, 0% used [0x00000000eaf00000,0x00000000eaf00000,0x00000000eb000000)
 ParOldGen       total 153088K, used 129452K [0x00000000c0000000, 0x00000000c9580000, 0x00000000eab00000)
  object space 153088K, 84% used [0x00000000c0000000,0x00000000c7e6b350,0x00000000c9580000)
 Metaspace       used 97484K, committed 99072K, reserved 1179648K
  class space    used 10016K, committed 10752K, reserved 1048576K
}
Event: 251.034 GC heap before
{Heap before GC invocations=953 (full 27):
 PSYoungGen      total 5120K, used 4826K [0x00000000eab00000, 0x00000000eb100000, 0x0000000100000000)
  eden space 4096K, 100% used [0x00000000eab00000,0x00000000eaf00000,0x00000000eaf00000)
  from space 1024K, 71% used [0x00000000eb000000,0x00000000eb0b6900,0x00000000eb100000)
  to   space 1024K, 0% used [0x00000000eaf00000,0x00000000eaf00000,0x00000000eb000000)
 ParOldGen       total 153088K, used 129452K [0x00000000c0000000, 0x00000000c9580000, 0x00000000eab00000)
  object space 153088K, 84% used [0x00000000c0000000,0x00000000c7e6b350,0x00000000c9580000)
 Metaspace       used 97484K, committed 99072K, reserved 1179648K
  class space    used 10016K, committed 10752K, reserved 1048576K
}
Event: 251.036 GC heap after
{Heap after GC invocations=953 (full 27):
 PSYoungGen      total 5120K, used 528K [0x00000000eab00000, 0x00000000eb100000, 0x0000000100000000)
  eden space 4096K, 0% used [0x00000000eab00000,0x00000000eab00000,0x00000000eaf00000)
  from space 1024K, 51% used [0x00000000eaf00000,0x00000000eaf84010,0x00000000eb000000)
  to   space 1024K, 0% used [0x00000000eb000000,0x00000000eb000000,0x00000000eb100000)
 ParOldGen       total 153088K, used 129960K [0x00000000c0000000, 0x00000000c9580000, 0x00000000eab00000)
  object space 153088K, 84% used [0x00000000c0000000,0x00000000c7eea380,0x00000000c9580000)
 Metaspace       used 97484K, committed 99072K, reserved 1179648K
  class space    used 10016K, committed 10752K, reserved 1048576K
}
Event: 251.046 GC heap before
{Heap before GC invocations=954 (full 27):
 PSYoungGen      total 5120K, used 4624K [0x00000000eab00000, 0x00000000eb100000, 0x0000000100000000)
  eden space 4096K, 100% used [0x00000000eab00000,0x00000000eaf00000,0x00000000eaf00000)
  from space 1024K, 51% used [0x00000000eaf00000,0x00000000eaf84010,0x00000000eb000000)
  to   space 1024K, 0% used [0x00000000eb000000,0x00000000eb000000,0x00000000eb100000)
 ParOldGen       total 153088K, used 129960K [0x00000000c0000000, 0x00000000c9580000, 0x00000000eab00000)
  object space 153088K, 84% used [0x00000000c0000000,0x00000000c7eea380,0x00000000c9580000)
 Metaspace       used 97484K, committed 99072K, reserved 1179648K
  class space    used 10016K, committed 10752K, reserved 1048576K
}
Event: 251.047 GC heap after
{Heap after GC invocations=954 (full 27):
 PSYoungGen      total 5120K, used 826K [0x00000000eab00000, 0x00000000eb100000, 0x0000000100000000)
  eden space 4096K, 0% used [0x00000000eab00000,0x00000000eab00000,0x00000000eaf00000)
  from space 1024K, 80% used [0x00000000eb000000,0x00000000eb0ce900,0x00000000eb100000)
  to   space 1024K, 0% used [0x00000000eaf00000,0x00000000eaf00000,0x00000000eb000000)
 ParOldGen       total 153088K, used 130312K [0x00000000c0000000, 0x00000000c9580000, 0x00000000eab00000)
  object space 153088K, 85% used [0x00000000c0000000,0x00000000c7f423a0,0x00000000c9580000)
 Metaspace       used 97484K, committed 99072K, reserved 1179648K
  class space    used 10016K, committed 10752K, reserved 1048576K
}

