# JRE version: Java(TM) SE Runtime Environment (22.0.2+9) (build 22.0.2+9-70)
# Java VM: Java HotSpot(TM) 64-Bit Server VM (22.0.2+9-70, mixed mode, sharing, tiered, compressed oops, compressed class ptrs, g1 gc, windows-amd64)
GC Precious Log:
 CardTable entry size: 512
 Card Set container configuration: InlinePtr #cards 5 size 8 Array Of Cards #cards 12 size 40 Howl #buckets 4 coarsen threshold 1843 Howl Bitmap #cards 512 size 80 coarsen threshold 460 Card regions per heap region 1 cards per card region 2048
 CPUs: 16 total, 16 available
 Memory: 8044M
 Large Page Support: Disabled
 NUMA Support: Disabled
 Compressed Oops: Enabled (32-bit)
 Heap Region Size: 1M
 Heap Min Capacity: 8M
 Heap Initial Capacity: 126M
 Heap Max Capacity: 2012M
 Pre-touch: Disabled
 Parallel Workers: 13
 Concurrent Workers: 3
 Concurrent Refinement Workers: 13
 Periodic GC: Disabled
Heap:
 garbage-first heap   total reserved 2060288K, committed 91136K, used 60833K [0x0000000082400000, 0x0000000100000000)
  region size 1024K, 23 young (23552K), 1 survivors (1024K)
 Metaspace       used 84122K, committed 84928K, reserved 1179648K
  class space    used 11186K, committed 11584K, reserved 1048576K
GC Heap History (20 events):
Event: 121.277 GC heap before
{Heap before GC invocations=110 (full 0):
 garbage-first heap   total reserved 2060288K, committed 91136K, used 81994K [0x0000000082400000, 0x0000000100000000)
  region size 1024K, 45 young (46080K), 1 survivors (1024K)
 Metaspace       used 81768K, committed 82496K, reserved 1179648K
  class space    used 11031K, committed 11328K, reserved 1048576K
}
Event: 121.279 GC heap after
{Heap after GC invocations=111 (full 0):
 garbage-first heap   total reserved 2060288K, committed 91136K, used 37968K [0x0000000082400000, 0x0000000100000000)
  region size 1024K, 1 young (1024K), 1 survivors (1024K)
 Metaspace       used 81768K, committed 82496K, reserved 1179648K
  class space    used 11031K, committed 11328K, reserved 1048576K
}
Event: 123.738 GC heap before
{Heap before GC invocations=111 (full 0):
 garbage-first heap   total reserved 2060288K, committed 91136K, used 82000K [0x0000000082400000, 0x0000000100000000)
  region size 1024K, 45 young (46080K), 1 survivors (1024K)
 Metaspace       used 81768K, committed 82496K, reserved 1179648K
  class space    used 11031K, committed 11328K, reserved 1048576K
}
Event: 123.742 GC heap after
{Heap after GC invocations=112 (full 0):
 garbage-first heap   total reserved 2060288K, committed 91136K, used 37909K [0x0000000082400000, 0x0000000100000000)
  region size 1024K, 1 young (1024K), 1 survivors (1024K)
 Metaspace       used 81768K, committed 82496K, reserved 1179648K
  class space    used 11031K, committed 11328K, reserved 1048576K
}
Event: 126.923 GC heap before
{Heap before GC invocations=112 (full 0):
 garbage-first heap   total reserved 2060288K, committed 91136K, used 82965K [0x0000000082400000, 0x0000000100000000)
  region size 1024K, 46 young (47104K), 1 survivors (1024K)
 Metaspace       used 81768K, committed 82496K, reserved 1179648K
  class space    used 11031K, committed 11328K, reserved 1048576K
}
Event: 126.927 GC heap after
{Heap after GC invocations=113 (full 0):
 garbage-first heap   total reserved 2060288K, committed 91136K, used 37909K [0x0000000082400000, 0x0000000100000000)
  region size 1024K, 1 young (1024K), 1 survivors (1024K)
 Metaspace       used 81768K, committed 82496K, reserved 1179648K
  class space    used 11031K, committed 11328K, reserved 1048576K
}
Event: 127.632 GC heap before
{Heap before GC invocations=114 (full 0):
 garbage-first heap   total reserved 2060288K, committed 91136K, used 44053K [0x0000000082400000, 0x0000000100000000)
  region size 1024K, 8 young (8192K), 1 survivors (1024K)
 Metaspace       used 81890K, committed 82688K, reserved 1179648K
  class space    used 11056K, committed 11392K, reserved 1048576K
}
Event: 127.920 GC heap after
{Heap after GC invocations=115 (full 1):
 garbage-first heap   total reserved 2060288K, committed 91136K, used 31460K [0x0000000082400000, 0x0000000100000000)
  region size 1024K, 0 young (0K), 0 survivors (0K)
 Metaspace       used 81890K, committed 82688K, reserved 1179648K
  class space    used 11056K, committed 11392K, reserved 1048576K
}
Event: 135.537 GC heap before
{Heap before GC invocations=115 (full 1):
 garbage-first heap   total reserved 2060288K, committed 91136K, used 84708K [0x0000000082400000, 0x0000000100000000)
  region size 1024K, 52 young (53248K), 0 survivors (0K)
 Metaspace       used 82497K, committed 83392K, reserved 1179648K
  class space    used 11114K, committed 11520K, reserved 1048576K
}
Event: 135.544 GC heap after
{Heap after GC invocations=116 (full 1):
 garbage-first heap   total reserved 2060288K, committed 91136K, used 34596K [0x0000000082400000, 0x0000000100000000)
  region size 1024K, 4 young (4096K), 4 survivors (4096K)
 Metaspace       used 82497K, committed 83392K, reserved 1179648K
  class space    used 11114K, committed 11520K, reserved 1048576K
}
Event: 136.398 GC heap before
{Heap before GC invocations=117 (full 1):
 garbage-first heap   total reserved 2060288K, committed 91136K, used 78628K [0x0000000082400000, 0x0000000100000000)
  region size 1024K, 48 young (49152K), 4 survivors (4096K)
 Metaspace       used 83202K, committed 84032K, reserved 1179648K
  class space    used 11147K, committed 11520K, reserved 1048576K
}
Event: 136.403 GC heap after
{Heap after GC invocations=118 (full 1):
 garbage-first heap   total reserved 2060288K, committed 91136K, used 36725K [0x0000000082400000, 0x0000000100000000)
  region size 1024K, 6 young (6144K), 6 survivors (6144K)
 Metaspace       used 83202K, committed 84032K, reserved 1179648K
  class space    used 11147K, committed 11520K, reserved 1048576K
}
Event: 137.154 GC heap before
{Heap before GC invocations=118 (full 1):
 garbage-first heap   total reserved 2060288K, committed 91136K, used 77685K [0x0000000082400000, 0x0000000100000000)
  region size 1024K, 46 young (47104K), 6 survivors (6144K)
 Metaspace       used 84101K, committed 84928K, reserved 1179648K
  class space    used 11185K, committed 11584K, reserved 1048576K
}
Event: 137.162 GC heap after
{Heap after GC invocations=119 (full 1):
 garbage-first heap   total reserved 2060288K, committed 91136K, used 40438K [0x0000000082400000, 0x0000000100000000)
  region size 1024K, 6 young (6144K), 6 survivors (6144K)
 Metaspace       used 84101K, committed 84928K, reserved 1179648K
  class space    used 11185K, committed 11584K, reserved 1048576K
}
Event: 139.445 GC heap before
{Heap before GC invocations=119 (full 1):
 garbage-first heap   total reserved 2060288K, committed 91136K, used 77302K [0x0000000082400000, 0x0000000100000000)
  region size 1024K, 43 young (44032K), 6 survivors (6144K)
 Metaspace       used 84121K, committed 84928K, reserved 1179648K
  class space    used 11187K, committed 11584K, reserved 1048576K
}
Event: 139.451 GC heap after
{Heap after GC invocations=120 (full 1):
 garbage-first heap   total reserved 2060288K, committed 91136K, used 41535K [0x0000000082400000, 0x0000000100000000)
  region size 1024K, 2 young (2048K), 2 survivors (2048K)
 Metaspace       used 84121K, committed 84928K, reserved 1179648K
  class space    used 11187K, committed 11584K, reserved 1048576K
}
Event: 141.230 GC heap before
{Heap before GC invocations=121 (full 1):
 garbage-first heap   total reserved 2060288K, committed 91136K, used 81471K [0x0000000082400000, 0x0000000100000000)
  region size 1024K, 42 young (43008K), 2 survivors (2048K)
 Metaspace       used 84116K, committed 84928K, reserved 1179648K
  class space    used 11186K, committed 11584K, reserved 1048576K
}
Event: 141.231 GC heap after
{Heap after GC invocations=122 (full 1):
 garbage-first heap   total reserved 2060288K, committed 91136K, used 41130K [0x0000000082400000, 0x0000000100000000)
  region size 1024K, 1 young (1024K), 1 survivors (1024K)
 Metaspace       used 84116K, committed 84928K, reserved 1179648K
  class space    used 11186K, committed 11584K, reserved 1048576K
}
Event: 143.453 GC heap before
{Heap before GC invocations=122 (full 1):
 garbage-first heap   total reserved 2060288K, committed 91136K, used 83114K [0x0000000082400000, 0x0000000100000000)
  region size 1024K, 43 young (44032K), 1 survivors (1024K)
 Metaspace       used 84121K, committed 84928K, reserved 1179648K
  class space    used 11186K, committed 11584K, reserved 1048576K
}
Event: 143.455 GC heap after
{Heap after GC invocations=123 (full 1):
 garbage-first heap   total reserved 2060288K, committed 91136K, used 40353K [0x0000000082400000, 0x0000000100000000)
  region size 1024K, 1 young (1024K), 1 survivors (1024K)
 Metaspace       used 84121K, committed 84928K, reserved 1179648K
  class space    used 11186K, committed 11584K, reserved 1048576K
}

