# JRE version: OpenJDK Runtime Environment Temurin-17.0.12+7 (17.0.12+7) (build 17.0.12+7)
# Java VM: OpenJDK 64-Bit Server VM Temurin-17.0.12+7 (17.0.12+7, mixed mode, tiered, compressed oops, compressed class ptrs, parallel gc, windows-amd64)
GC Precious Log:
 CPUs: 16 total, 16 available
 Memory: 8044M
 Large Page Support: Disabled
 NUMA Support: Disabled
 Compressed Oops: Enabled (32-bit)
 Alignments: Space 512K, Generation 512K, Heap 2M
 Heap Min Capacity: 100M
 Heap Initial Capacity: 100M
 Heap Max Capacity: 1G
 Pre-touch: Disabled
 Parallel Workers: 13
Heap:
 PSYoungGen      total 86016K, used 74660K [0x00000000eab00000, 0x00000000f0880000, 0x0000000100000000)
  eden space 77824K, 85% used [0x00000000eab00000,0x00000000eebf5a98,0x00000000ef700000)
  from space 8192K, 99% used [0x00000000eff80000,0x00000000f0773748,0x00000000f0780000)
  to   space 8704K, 0% used [0x00000000ef700000,0x00000000ef700000,0x00000000eff80000)
 ParOldGen       total 100352K, used 84857K [0x00000000c0000000, 0x00000000c6200000, 0x00000000eab00000)
  object space 100352K, 84% used [0x00000000c0000000,0x00000000c52de7b8,0x00000000c6200000)
 Metaspace       used 73723K, committed 75072K, reserved 1179648K
  class space    used 7672K, committed 8256K, reserved 1048576K
GC Heap History (20 events):
Event: 9.897 GC heap before
{Heap before GC invocations=84 (full 5):
 PSYoungGen      total 57856K, used 57485K [0x00000000eab00000, 0x00000000ee980000, 0x0000000100000000)
  eden space 53248K, 100% used [0x00000000eab00000,0x00000000edf00000,0x00000000edf00000)
  from space 4608K, 91% used [0x00000000ee500000,0x00000000ee923578,0x00000000ee980000)
  to   space 5120K, 0% used [0x00000000edf80000,0x00000000edf80000,0x00000000ee480000)
 ParOldGen       total 100352K, used 73093K [0x00000000c0000000, 0x00000000c6200000, 0x00000000eab00000)
  object space 100352K, 72% used [0x00000000c0000000,0x00000000c47615a8,0x00000000c6200000)
 Metaspace       used 67581K, committed 68736K, reserved 1114112K
  class space    used 7109K, committed 7616K, reserved 1048576K
}
Event: 9.901 GC heap after
{Heap after GC invocations=84 (full 5):
 PSYoungGen      total 58880K, used 5094K [0x00000000eab00000, 0x00000000eee80000, 0x0000000100000000)
  eden space 53760K, 0% used [0x00000000eab00000,0x00000000eab00000,0x00000000edf80000)
  from space 5120K, 99% used [0x00000000edf80000,0x00000000ee4799c8,0x00000000ee480000)
  to   space 5632K, 0% used [0x00000000ee900000,0x00000000ee900000,0x00000000eee80000)
 ParOldGen       total 100352K, used 73285K [0x00000000c0000000, 0x00000000c6200000, 0x00000000eab00000)
  object space 100352K, 73% used [0x00000000c0000000,0x00000000c47915a8,0x00000000c6200000)
 Metaspace       used 67581K, committed 68736K, reserved 1114112K
  class space    used 7109K, committed 7616K, reserved 1048576K
}
Event: 9.939 GC heap before
{Heap before GC invocations=85 (full 5):
 PSYoungGen      total 58880K, used 58854K [0x00000000eab00000, 0x00000000eee80000, 0x0000000100000000)
  eden space 53760K, 100% used [0x00000000eab00000,0x00000000edf80000,0x00000000edf80000)
  from space 5120K, 99% used [0x00000000edf80000,0x00000000ee4799c8,0x00000000ee480000)
  to   space 5632K, 0% used [0x00000000ee900000,0x00000000ee900000,0x00000000eee80000)
 ParOldGen       total 100352K, used 73285K [0x00000000c0000000, 0x00000000c6200000, 0x00000000eab00000)
  object space 100352K, 73% used [0x00000000c0000000,0x00000000c47915a8,0x00000000c6200000)
 Metaspace       used 67736K, committed 68928K, reserved 1114112K
  class space    used 7118K, committed 7616K, reserved 1048576K
}
Event: 9.944 GC heap after
{Heap after GC invocations=85 (full 5):
 PSYoungGen      total 63488K, used 4437K [0x00000000eab00000, 0x00000000eee00000, 0x0000000100000000)
  eden space 58368K, 0% used [0x00000000eab00000,0x00000000eab00000,0x00000000ee400000)
  from space 5120K, 86% used [0x00000000ee900000,0x00000000eed55628,0x00000000eee00000)
  to   space 5120K, 0% used [0x00000000ee400000,0x00000000ee400000,0x00000000ee900000)
 ParOldGen       total 100352K, used 75606K [0x00000000c0000000, 0x00000000c6200000, 0x00000000eab00000)
  object space 100352K, 75% used [0x00000000c0000000,0x00000000c49d59b8,0x00000000c6200000)
 Metaspace       used 67736K, committed 68928K, reserved 1114112K
  class space    used 7118K, committed 7616K, reserved 1048576K
}
Event: 9.983 GC heap before
{Heap before GC invocations=86 (full 5):
 PSYoungGen      total 63488K, used 62805K [0x00000000eab00000, 0x00000000eee00000, 0x0000000100000000)
  eden space 58368K, 100% used [0x00000000eab00000,0x00000000ee400000,0x00000000ee400000)
  from space 5120K, 86% used [0x00000000ee900000,0x00000000eed55628,0x00000000eee00000)
  to   space 5120K, 0% used [0x00000000ee400000,0x00000000ee400000,0x00000000ee900000)
 ParOldGen       total 100352K, used 75606K [0x00000000c0000000, 0x00000000c6200000, 0x00000000eab00000)
  object space 100352K, 75% used [0x00000000c0000000,0x00000000c49d59b8,0x00000000c6200000)
 Metaspace       used 67823K, committed 68992K, reserved 1114112K
  class space    used 7124K, committed 7616K, reserved 1048576K
}
Event: 9.989 GC heap after
{Heap after GC invocations=86 (full 5):
 PSYoungGen      total 63488K, used 4865K [0x00000000eab00000, 0x00000000ef300000, 0x0000000100000000)
  eden space 58368K, 0% used [0x00000000eab00000,0x00000000eab00000,0x00000000ee400000)
  from space 5120K, 95% used [0x00000000ee400000,0x00000000ee8c0428,0x00000000ee900000)
  to   space 5120K, 0% used [0x00000000eee00000,0x00000000eee00000,0x00000000ef300000)
 ParOldGen       total 100352K, used 75614K [0x00000000c0000000, 0x00000000c6200000, 0x00000000eab00000)
  object space 100352K, 75% used [0x00000000c0000000,0x00000000c49d79b8,0x00000000c6200000)
 Metaspace       used 67823K, committed 68992K, reserved 1114112K
  class space    used 7124K, committed 7616K, reserved 1048576K
}
Event: 10.050 GC heap before
{Heap before GC invocations=87 (full 5):
 PSYoungGen      total 63488K, used 63233K [0x00000000eab00000, 0x00000000ef300000, 0x0000000100000000)
  eden space 58368K, 100% used [0x00000000eab00000,0x00000000ee400000,0x00000000ee400000)
  from space 5120K, 95% used [0x00000000ee400000,0x00000000ee8c0428,0x00000000ee900000)
  to   space 5120K, 0% used [0x00000000eee00000,0x00000000eee00000,0x00000000ef300000)
 ParOldGen       total 100352K, used 75614K [0x00000000c0000000, 0x00000000c6200000, 0x00000000eab00000)
  object space 100352K, 75% used [0x00000000c0000000,0x00000000c49d79b8,0x00000000c6200000)
 Metaspace       used 68024K, committed 69248K, reserved 1114112K
  class space    used 7136K, committed 7680K, reserved 1048576K
}
Event: 10.056 GC heap after
{Heap after GC invocations=87 (full 5):
 PSYoungGen      total 67072K, used 5117K [0x00000000eab00000, 0x00000000ef580000, 0x0000000100000000)
  eden space 61952K, 0% used [0x00000000eab00000,0x00000000eab00000,0x00000000ee780000)
  from space 5120K, 99% used [0x00000000eee00000,0x00000000ef2ff650,0x00000000ef300000)
  to   space 6656K, 0% used [0x00000000ee780000,0x00000000ee780000,0x00000000eee00000)
 ParOldGen       total 100352K, used 76711K [0x00000000c0000000, 0x00000000c6200000, 0x00000000eab00000)
  object space 100352K, 76% used [0x00000000c0000000,0x00000000c4ae9db8,0x00000000c6200000)
 Metaspace       used 68024K, committed 69248K, reserved 1114112K
  class space    used 7136K, committed 7680K, reserved 1048576K
}
Event: 10.130 GC heap before
{Heap before GC invocations=88 (full 5):
 PSYoungGen      total 67072K, used 67069K [0x00000000eab00000, 0x00000000ef580000, 0x0000000100000000)
  eden space 61952K, 100% used [0x00000000eab00000,0x00000000ee780000,0x00000000ee780000)
  from space 5120K, 99% used [0x00000000eee00000,0x00000000ef2ff650,0x00000000ef300000)
  to   space 6656K, 0% used [0x00000000ee780000,0x00000000ee780000,0x00000000eee00000)
 ParOldGen       total 100352K, used 76711K [0x00000000c0000000, 0x00000000c6200000, 0x00000000eab00000)
  object space 100352K, 76% used [0x00000000c0000000,0x00000000c4ae9db8,0x00000000c6200000)
 Metaspace       used 68230K, committed 69440K, reserved 1114112K
  class space    used 7160K, committed 7680K, reserved 1048576K
}
Event: 10.137 GC heap after
{Heap after GC invocations=88 (full 5):
 PSYoungGen      total 68608K, used 4765K [0x00000000eab00000, 0x00000000ef780000, 0x0000000100000000)
  eden space 61952K, 0% used [0x00000000eab00000,0x00000000eab00000,0x00000000ee780000)
  from space 6656K, 71% used [0x00000000ee780000,0x00000000eec27668,0x00000000eee00000)
  to   space 5632K, 0% used [0x00000000ef200000,0x00000000ef200000,0x00000000ef780000)
 ParOldGen       total 100352K, used 78372K [0x00000000c0000000, 0x00000000c6200000, 0x00000000eab00000)
  object space 100352K, 78% used [0x00000000c0000000,0x00000000c4c89118,0x00000000c6200000)
 Metaspace       used 68230K, committed 69440K, reserved 1114112K
  class space    used 7160K, committed 7680K, reserved 1048576K
}
Event: 10.195 GC heap before
{Heap before GC invocations=89 (full 5):
 PSYoungGen      total 68608K, used 66717K [0x00000000eab00000, 0x00000000ef780000, 0x0000000100000000)
  eden space 61952K, 100% used [0x00000000eab00000,0x00000000ee780000,0x00000000ee780000)
  from space 6656K, 71% used [0x00000000ee780000,0x00000000eec27668,0x00000000eee00000)
  to   space 5632K, 0% used [0x00000000ef200000,0x00000000ef200000,0x00000000ef780000)
 ParOldGen       total 100352K, used 78372K [0x00000000c0000000, 0x00000000c6200000, 0x00000000eab00000)
  object space 100352K, 78% used [0x00000000c0000000,0x00000000c4c89118,0x00000000c6200000)
 Metaspace       used 68284K, committed 69440K, reserved 1114112K
  class space    used 7169K, committed 7680K, reserved 1048576K
}
Event: 10.201 GC heap after
{Heap after GC invocations=89 (full 5):
 PSYoungGen      total 72704K, used 5440K [0x00000000eab00000, 0x00000000ef780000, 0x0000000100000000)
  eden space 67072K, 0% used [0x00000000eab00000,0x00000000eab00000,0x00000000eec80000)
  from space 5632K, 96% used [0x00000000ef200000,0x00000000ef750000,0x00000000ef780000)
  to   space 5632K, 0% used [0x00000000eec80000,0x00000000eec80000,0x00000000ef200000)
 ParOldGen       total 100352K, used 78372K [0x00000000c0000000, 0x00000000c6200000, 0x00000000eab00000)
  object space 100352K, 78% used [0x00000000c0000000,0x00000000c4c89118,0x00000000c6200000)
 Metaspace       used 68284K, committed 69440K, reserved 1114112K
  class space    used 7169K, committed 7680K, reserved 1048576K
}
Event: 10.285 GC heap before
{Heap before GC invocations=90 (full 5):
 PSYoungGen      total 72704K, used 72512K [0x00000000eab00000, 0x00000000ef780000, 0x0000000100000000)
  eden space 67072K, 100% used [0x00000000eab00000,0x00000000eec80000,0x00000000eec80000)
  from space 5632K, 96% used [0x00000000ef200000,0x00000000ef750000,0x00000000ef780000)
  to   space 5632K, 0% used [0x00000000eec80000,0x00000000eec80000,0x00000000ef200000)
 ParOldGen       total 100352K, used 78372K [0x00000000c0000000, 0x00000000c6200000, 0x00000000eab00000)
  object space 100352K, 78% used [0x00000000c0000000,0x00000000c4c89118,0x00000000c6200000)
 Metaspace       used 68375K, committed 69568K, reserved 1114112K
  class space    used 7177K, committed 7680K, reserved 1048576K
}
Event: 10.294 GC heap after
{Heap after GC invocations=90 (full 5):
 PSYoungGen      total 72704K, used 5620K [0x00000000eab00000, 0x00000000f0180000, 0x0000000100000000)
  eden space 67072K, 0% used [0x00000000eab00000,0x00000000eab00000,0x00000000eec80000)
  from space 5632K, 99% used [0x00000000eec80000,0x00000000ef1fd018,0x00000000ef200000)
  to   space 8192K, 0% used [0x00000000ef980000,0x00000000ef980000,0x00000000f0180000)
 ParOldGen       total 100352K, used 80300K [0x00000000c0000000, 0x00000000c6200000, 0x00000000eab00000)
  object space 100352K, 80% used [0x00000000c0000000,0x00000000c4e6b198,0x00000000c6200000)
 Metaspace       used 68375K, committed 69568K, reserved 1114112K
  class space    used 7177K, committed 7680K, reserved 1048576K
}
Event: 10.356 GC heap before
{Heap before GC invocations=91 (full 5):
 PSYoungGen      total 72704K, used 72692K [0x00000000eab00000, 0x00000000f0180000, 0x0000000100000000)
  eden space 67072K, 100% used [0x00000000eab00000,0x00000000eec80000,0x00000000eec80000)
  from space 5632K, 99% used [0x00000000eec80000,0x00000000ef1fd018,0x00000000ef200000)
  to   space 8192K, 0% used [0x00000000ef980000,0x00000000ef980000,0x00000000f0180000)
 ParOldGen       total 100352K, used 80300K [0x00000000c0000000, 0x00000000c6200000, 0x00000000eab00000)
  object space 100352K, 80% used [0x00000000c0000000,0x00000000c4e6b198,0x00000000c6200000)
 Metaspace       used 68520K, committed 69696K, reserved 1114112K
  class space    used 7177K, committed 7680K, reserved 1048576K
}
Event: 10.364 GC heap after
{Heap after GC invocations=91 (full 5):
 PSYoungGen      total 78848K, used 6053K [0x00000000eab00000, 0x00000000eff80000, 0x0000000100000000)
  eden space 72704K, 0% used [0x00000000eab00000,0x00000000eab00000,0x00000000ef200000)
  from space 6144K, 98% used [0x00000000ef980000,0x00000000eff69610,0x00000000eff80000)
  to   space 6656K, 0% used [0x00000000ef280000,0x00000000ef280000,0x00000000ef900000)
 ParOldGen       total 100352K, used 82124K [0x00000000c0000000, 0x00000000c6200000, 0x00000000eab00000)
  object space 100352K, 81% used [0x00000000c0000000,0x00000000c5033140,0x00000000c6200000)
 Metaspace       used 68520K, committed 69696K, reserved 1114112K
  class space    used 7177K, committed 7680K, reserved 1048576K
}
Event: 10.453 GC heap before
{Heap before GC invocations=92 (full 5):
 PSYoungGen      total 78848K, used 78757K [0x00000000eab00000, 0x00000000eff80000, 0x0000000100000000)
  eden space 72704K, 100% used [0x00000000eab00000,0x00000000ef200000,0x00000000ef200000)
  from space 6144K, 98% used [0x00000000ef980000,0x00000000eff69610,0x00000000eff80000)
  to   space 6656K, 0% used [0x00000000ef280000,0x00000000ef280000,0x00000000ef900000)
 ParOldGen       total 100352K, used 82124K [0x00000000c0000000, 0x00000000c6200000, 0x00000000eab00000)
  object space 100352K, 81% used [0x00000000c0000000,0x00000000c5033140,0x00000000c6200000)
 Metaspace       used 68752K, committed 69888K, reserved 1114112K
  class space    used 7178K, committed 7680K, reserved 1048576K
}
Event: 10.461 GC heap after
{Heap after GC invocations=92 (full 5):
 PSYoungGen      total 79872K, used 6626K [0x00000000eab00000, 0x00000000f0780000, 0x0000000100000000)
  eden space 73216K, 0% used [0x00000000eab00000,0x00000000eab00000,0x00000000ef280000)
  from space 6656K, 99% used [0x00000000ef280000,0x00000000ef8f8910,0x00000000ef900000)
  to   space 8192K, 0% used [0x00000000eff80000,0x00000000eff80000,0x00000000f0780000)
 ParOldGen       total 100352K, used 83044K [0x00000000c0000000, 0x00000000c6200000, 0x00000000eab00000)
  object space 100352K, 82% used [0x00000000c0000000,0x00000000c5119288,0x00000000c6200000)
 Metaspace       used 68752K, committed 69888K, reserved 1114112K
  class space    used 7178K, committed 7680K, reserved 1048576K
}
Event: 10.674 GC heap before
{Heap before GC invocations=93 (full 5):
 PSYoungGen      total 79872K, used 79842K [0x00000000eab00000, 0x00000000f0780000, 0x0000000100000000)
  eden space 73216K, 100% used [0x00000000eab00000,0x00000000ef280000,0x00000000ef280000)
  from space 6656K, 99% used [0x00000000ef280000,0x00000000ef8f8910,0x00000000ef900000)
  to   space 8192K, 0% used [0x00000000eff80000,0x00000000eff80000,0x00000000f0780000)
 ParOldGen       total 100352K, used 83044K [0x00000000c0000000, 0x00000000c6200000, 0x00000000eab00000)
  object space 100352K, 82% used [0x00000000c0000000,0x00000000c5119288,0x00000000c6200000)
 Metaspace       used 69683K, committed 70912K, reserved 1114112K
  class space    used 7291K, committed 7808K, reserved 1048576K
}
Event: 10.683 GC heap after
{Heap after GC invocations=93 (full 5):
 PSYoungGen      total 86016K, used 8141K [0x00000000eab00000, 0x00000000f0880000, 0x0000000100000000)
  eden space 77824K, 0% used [0x00000000eab00000,0x00000000eab00000,0x00000000ef700000)
  from space 8192K, 99% used [0x00000000eff80000,0x00000000f0773748,0x00000000f0780000)
  to   space 8704K, 0% used [0x00000000ef700000,0x00000000ef700000,0x00000000eff80000)
 ParOldGen       total 100352K, used 84857K [0x00000000c0000000, 0x00000000c6200000, 0x00000000eab00000)
  object space 100352K, 84% used [0x00000000c0000000,0x00000000c52de7b8,0x00000000c6200000)
 Metaspace       used 69683K, committed 70912K, reserved 1114112K
  class space    used 7291K, committed 7808K, reserved 1048576K
}

