# JRE version: OpenJDK Runtime Environment Temurin-17.0.12+7 (17.0.12+7) (build 17.0.12+7)
# Java VM: OpenJDK 64-Bit Server VM Temurin-17.0.12+7 (17.0.12+7, mixed mode, tiered, compressed oops, compressed class ptrs, parallel gc, windows-amd64)
GC Precious Log:
 CPUs: 16 total, 16 available
 Memory: 8044M
 Large Page Support: Disabled
 NUMA Support: Disabled
 Compressed Oops: Enabled (32-bit)
 Alignments: Space 512K, Generation 512K, Heap 2M
 Heap Min Capacity: 100M
 Heap Initial Capacity: 100M
 Heap Max Capacity: 1G
 Pre-touch: Disabled
 Parallel Workers: 13
Heap:
 PSYoungGen      total 25088K, used 17183K [0x00000000eab00000, 0x00000000ec680000, 0x0000000100000000)
  eden space 23552K, 67% used [0x00000000eab00000,0x00000000eba84ab0,0x00000000ec200000)
  from space 1536K, 84% used [0x00000000ec200000,0x00000000ec343458,0x00000000ec380000)
  to   space 2048K, 0% used [0x00000000ec480000,0x00000000ec480000,0x00000000ec680000)
 ParOldGen       total 115200K, used 86920K [0x00000000c0000000, 0x00000000c7080000, 0x00000000eab00000)
  object space 115200K, 75% used [0x00000000c0000000,0x00000000c54e2058,0x00000000c7080000)
 Metaspace       used 76343K, committed 77696K, reserved 1179648K
  class space    used 7866K, committed 8448K, reserved 1048576K
GC Heap History (20 events):
Event: 11.632 GC heap before
{Heap before GC invocations=215 (full 7):
 PSYoungGen      total 28672K, used 28219K [0x00000000eab00000, 0x00000000ed000000, 0x0000000100000000)
  eden space 23552K, 100% used [0x00000000eab00000,0x00000000ec200000,0x00000000ec200000)
  from space 5120K, 91% used [0x00000000ec200000,0x00000000ec68ec90,0x00000000ec700000)
  to   space 7168K, 0% used [0x00000000ec900000,0x00000000ec900000,0x00000000ed000000)
 ParOldGen       total 115200K, used 71076K [0x00000000c0000000, 0x00000000c7080000, 0x00000000eab00000)
  object space 115200K, 61% used [0x00000000c0000000,0x00000000c45691d0,0x00000000c7080000)
 Metaspace       used 73217K, committed 74496K, reserved 1179648K
  class space    used 7606K, committed 8192K, reserved 1048576K
}
Event: 11.638 GC heap after
{Heap after GC invocations=215 (full 7):
 PSYoungGen      total 26624K, used 2958K [0x00000000eab00000, 0x00000000ecc00000, 0x0000000100000000)
  eden space 23552K, 0% used [0x00000000eab00000,0x00000000eab00000,0x00000000ec200000)
  from space 3072K, 96% used [0x00000000ec900000,0x00000000ecbe3b20,0x00000000ecc00000)
  to   space 4096K, 0% used [0x00000000ec400000,0x00000000ec400000,0x00000000ec800000)
 ParOldGen       total 115200K, used 75272K [0x00000000c0000000, 0x00000000c7080000, 0x00000000eab00000)
  object space 115200K, 65% used [0x00000000c0000000,0x00000000c4982010,0x00000000c7080000)
 Metaspace       used 73217K, committed 74496K, reserved 1179648K
  class space    used 7606K, committed 8192K, reserved 1048576K
}
Event: 11.719 GC heap before
{Heap before GC invocations=216 (full 7):
 PSYoungGen      total 26624K, used 26510K [0x00000000eab00000, 0x00000000ecc00000, 0x0000000100000000)
  eden space 23552K, 100% used [0x00000000eab00000,0x00000000ec200000,0x00000000ec200000)
  from space 3072K, 96% used [0x00000000ec900000,0x00000000ecbe3b20,0x00000000ecc00000)
  to   space 4096K, 0% used [0x00000000ec400000,0x00000000ec400000,0x00000000ec800000)
 ParOldGen       total 115200K, used 75272K [0x00000000c0000000, 0x00000000c7080000, 0x00000000eab00000)
  object space 115200K, 65% used [0x00000000c0000000,0x00000000c4982010,0x00000000c7080000)
 Metaspace       used 73416K, committed 74688K, reserved 1179648K
  class space    used 7615K, committed 8192K, reserved 1048576K
}
Event: 11.724 GC heap after
{Heap after GC invocations=216 (full 7):
 PSYoungGen      total 26624K, used 2564K [0x00000000eab00000, 0x00000000ec980000, 0x0000000100000000)
  eden space 23552K, 0% used [0x00000000eab00000,0x00000000eab00000,0x00000000ec200000)
  from space 3072K, 83% used [0x00000000ec400000,0x00000000ec6813f8,0x00000000ec700000)
  to   space 2560K, 0% used [0x00000000ec700000,0x00000000ec700000,0x00000000ec980000)
 ParOldGen       total 115200K, used 77852K [0x00000000c0000000, 0x00000000c7080000, 0x00000000eab00000)
  object space 115200K, 67% used [0x00000000c0000000,0x00000000c4c07308,0x00000000c7080000)
 Metaspace       used 73416K, committed 74688K, reserved 1179648K
  class space    used 7615K, committed 8192K, reserved 1048576K
}
Event: 11.809 GC heap before
{Heap before GC invocations=217 (full 7):
 PSYoungGen      total 26624K, used 26116K [0x00000000eab00000, 0x00000000ec980000, 0x0000000100000000)
  eden space 23552K, 100% used [0x00000000eab00000,0x00000000ec200000,0x00000000ec200000)
  from space 3072K, 83% used [0x00000000ec400000,0x00000000ec6813f8,0x00000000ec700000)
  to   space 2560K, 0% used [0x00000000ec700000,0x00000000ec700000,0x00000000ec980000)
 ParOldGen       total 115200K, used 77852K [0x00000000c0000000, 0x00000000c7080000, 0x00000000eab00000)
  object space 115200K, 67% used [0x00000000c0000000,0x00000000c4c07308,0x00000000c7080000)
 Metaspace       used 73637K, committed 74880K, reserved 1179648K
  class space    used 7627K, committed 8192K, reserved 1048576K
}
Event: 11.814 GC heap after
{Heap after GC invocations=217 (full 7):
 PSYoungGen      total 26112K, used 2543K [0x00000000eab00000, 0x00000000ecb00000, 0x0000000100000000)
  eden space 23552K, 0% used [0x00000000eab00000,0x00000000eab00000,0x00000000ec200000)
  from space 2560K, 99% used [0x00000000ec700000,0x00000000ec97bc98,0x00000000ec980000)
  to   space 4608K, 0% used [0x00000000ec200000,0x00000000ec200000,0x00000000ec680000)
 ParOldGen       total 115200K, used 79488K [0x00000000c0000000, 0x00000000c7080000, 0x00000000eab00000)
  object space 115200K, 69% used [0x00000000c0000000,0x00000000c4da03b8,0x00000000c7080000)
 Metaspace       used 73637K, committed 74880K, reserved 1179648K
  class space    used 7627K, committed 8192K, reserved 1048576K
}
Event: 11.920 GC heap before
{Heap before GC invocations=218 (full 7):
 PSYoungGen      total 26112K, used 26095K [0x00000000eab00000, 0x00000000ecb00000, 0x0000000100000000)
  eden space 23552K, 100% used [0x00000000eab00000,0x00000000ec200000,0x00000000ec200000)
  from space 2560K, 99% used [0x00000000ec700000,0x00000000ec97bc98,0x00000000ec980000)
  to   space 4608K, 0% used [0x00000000ec200000,0x00000000ec200000,0x00000000ec680000)
 ParOldGen       total 115200K, used 79488K [0x00000000c0000000, 0x00000000c7080000, 0x00000000eab00000)
  object space 115200K, 69% used [0x00000000c0000000,0x00000000c4da03b8,0x00000000c7080000)
 Metaspace       used 74007K, committed 75328K, reserved 1179648K
  class space    used 7648K, committed 8256K, reserved 1048576K
}
Event: 11.924 GC heap after
{Heap after GC invocations=218 (full 7):
 PSYoungGen      total 26112K, used 2237K [0x00000000eab00000, 0x00000000ec800000, 0x0000000100000000)
  eden space 23552K, 0% used [0x00000000eab00000,0x00000000eab00000,0x00000000ec200000)
  from space 2560K, 87% used [0x00000000ec200000,0x00000000ec42f640,0x00000000ec480000)
  to   space 3072K, 0% used [0x00000000ec500000,0x00000000ec500000,0x00000000ec800000)
 ParOldGen       total 115200K, used 81739K [0x00000000c0000000, 0x00000000c7080000, 0x00000000eab00000)
  object space 115200K, 70% used [0x00000000c0000000,0x00000000c4fd2e70,0x00000000c7080000)
 Metaspace       used 74007K, committed 75328K, reserved 1179648K
  class space    used 7648K, committed 8256K, reserved 1048576K
}
Event: 12.014 GC heap before
{Heap before GC invocations=219 (full 7):
 PSYoungGen      total 26112K, used 25789K [0x00000000eab00000, 0x00000000ec800000, 0x0000000100000000)
  eden space 23552K, 100% used [0x00000000eab00000,0x00000000ec200000,0x00000000ec200000)
  from space 2560K, 87% used [0x00000000ec200000,0x00000000ec42f640,0x00000000ec480000)
  to   space 3072K, 0% used [0x00000000ec500000,0x00000000ec500000,0x00000000ec800000)
 ParOldGen       total 115200K, used 81739K [0x00000000c0000000, 0x00000000c7080000, 0x00000000eab00000)
  object space 115200K, 70% used [0x00000000c0000000,0x00000000c4fd2e70,0x00000000c7080000)
 Metaspace       used 74407K, committed 75712K, reserved 1179648K
  class space    used 7689K, committed 8256K, reserved 1048576K
}
Event: 12.016 GC heap after
{Heap after GC invocations=219 (full 7):
 PSYoungGen      total 25600K, used 2020K [0x00000000eab00000, 0x00000000ec700000, 0x0000000100000000)
  eden space 23552K, 0% used [0x00000000eab00000,0x00000000eab00000,0x00000000ec200000)
  from space 2048K, 98% used [0x00000000ec500000,0x00000000ec6f9230,0x00000000ec700000)
  to   space 2560K, 0% used [0x00000000ec200000,0x00000000ec200000,0x00000000ec480000)
 ParOldGen       total 115200K, used 81747K [0x00000000c0000000, 0x00000000c7080000, 0x00000000eab00000)
  object space 115200K, 70% used [0x00000000c0000000,0x00000000c4fd4e70,0x00000000c7080000)
 Metaspace       used 74407K, committed 75712K, reserved 1179648K
  class space    used 7689K, committed 8256K, reserved 1048576K
}
Event: 12.125 GC heap before
{Heap before GC invocations=220 (full 7):
 PSYoungGen      total 25600K, used 25572K [0x00000000eab00000, 0x00000000ec700000, 0x0000000100000000)
  eden space 23552K, 100% used [0x00000000eab00000,0x00000000ec200000,0x00000000ec200000)
  from space 2048K, 98% used [0x00000000ec500000,0x00000000ec6f9230,0x00000000ec700000)
  to   space 2560K, 0% used [0x00000000ec200000,0x00000000ec200000,0x00000000ec480000)
 ParOldGen       total 115200K, used 81747K [0x00000000c0000000, 0x00000000c7080000, 0x00000000eab00000)
  object space 115200K, 70% used [0x00000000c0000000,0x00000000c4fd4e70,0x00000000c7080000)
 Metaspace       used 75305K, committed 76672K, reserved 1179648K
  class space    used 7779K, committed 8384K, reserved 1048576K
}
Event: 12.128 GC heap after
{Heap after GC invocations=220 (full 7):
 PSYoungGen      total 26112K, used 2557K [0x00000000eab00000, 0x00000000eca00000, 0x0000000100000000)
  eden space 23552K, 0% used [0x00000000eab00000,0x00000000eab00000,0x00000000ec200000)
  from space 2560K, 99% used [0x00000000ec200000,0x00000000ec47f708,0x00000000ec480000)
  to   space 4096K, 0% used [0x00000000ec600000,0x00000000ec600000,0x00000000eca00000)
 ParOldGen       total 115200K, used 82866K [0x00000000c0000000, 0x00000000c7080000, 0x00000000eab00000)
  object space 115200K, 71% used [0x00000000c0000000,0x00000000c50ecb70,0x00000000c7080000)
 Metaspace       used 75305K, committed 76672K, reserved 1179648K
  class space    used 7779K, committed 8384K, reserved 1048576K
}
Event: 12.212 GC heap before
{Heap before GC invocations=221 (full 7):
 PSYoungGen      total 26112K, used 26109K [0x00000000eab00000, 0x00000000eca00000, 0x0000000100000000)
  eden space 23552K, 100% used [0x00000000eab00000,0x00000000ec200000,0x00000000ec200000)
  from space 2560K, 99% used [0x00000000ec200000,0x00000000ec47f708,0x00000000ec480000)
  to   space 4096K, 0% used [0x00000000ec600000,0x00000000ec600000,0x00000000eca00000)
 ParOldGen       total 115200K, used 82866K [0x00000000c0000000, 0x00000000c7080000, 0x00000000eab00000)
  object space 115200K, 71% used [0x00000000c0000000,0x00000000c50ecb70,0x00000000c7080000)
 Metaspace       used 75743K, committed 77120K, reserved 1179648K
  class space    used 7823K, committed 8384K, reserved 1048576K
}
Event: 12.217 GC heap after
{Heap after GC invocations=221 (full 7):
 PSYoungGen      total 26112K, used 2505K [0x00000000eab00000, 0x00000000ec880000, 0x0000000100000000)
  eden space 23552K, 0% used [0x00000000eab00000,0x00000000eab00000,0x00000000ec200000)
  from space 2560K, 97% used [0x00000000ec600000,0x00000000ec8724c8,0x00000000ec880000)
  to   space 3072K, 0% used [0x00000000ec280000,0x00000000ec280000,0x00000000ec580000)
 ParOldGen       total 115200K, used 84391K [0x00000000c0000000, 0x00000000c7080000, 0x00000000eab00000)
  object space 115200K, 73% used [0x00000000c0000000,0x00000000c5269dd0,0x00000000c7080000)
 Metaspace       used 75743K, committed 77120K, reserved 1179648K
  class space    used 7823K, committed 8384K, reserved 1048576K
}
Event: 12.399 GC heap before
{Heap before GC invocations=222 (full 7):
 PSYoungGen      total 26112K, used 26057K [0x00000000eab00000, 0x00000000ec880000, 0x0000000100000000)
  eden space 23552K, 100% used [0x00000000eab00000,0x00000000ec200000,0x00000000ec200000)
  from space 2560K, 97% used [0x00000000ec600000,0x00000000ec8724c8,0x00000000ec880000)
  to   space 3072K, 0% used [0x00000000ec280000,0x00000000ec280000,0x00000000ec580000)
 ParOldGen       total 115200K, used 84391K [0x00000000c0000000, 0x00000000c7080000, 0x00000000eab00000)
  object space 115200K, 73% used [0x00000000c0000000,0x00000000c5269dd0,0x00000000c7080000)
 Metaspace       used 75889K, committed 77312K, reserved 1179648K
  class space    used 7826K, committed 8448K, reserved 1048576K
}
Event: 12.403 GC heap after
{Heap after GC invocations=222 (full 7):
 PSYoungGen      total 26624K, used 3045K [0x00000000eab00000, 0x00000000eca00000, 0x0000000100000000)
  eden space 23552K, 0% used [0x00000000eab00000,0x00000000eab00000,0x00000000ec200000)
  from space 3072K, 99% used [0x00000000ec280000,0x00000000ec579550,0x00000000ec580000)
  to   space 4096K, 0% used [0x00000000ec600000,0x00000000ec600000,0x00000000eca00000)
 ParOldGen       total 115200K, used 85070K [0x00000000c0000000, 0x00000000c7080000, 0x00000000eab00000)
  object space 115200K, 73% used [0x00000000c0000000,0x00000000c5313b80,0x00000000c7080000)
 Metaspace       used 75889K, committed 77312K, reserved 1179648K
  class space    used 7826K, committed 8448K, reserved 1048576K
}
Event: 12.471 GC heap before
{Heap before GC invocations=223 (full 7):
 PSYoungGen      total 26624K, used 26597K [0x00000000eab00000, 0x00000000eca00000, 0x0000000100000000)
  eden space 23552K, 100% used [0x00000000eab00000,0x00000000ec200000,0x00000000ec200000)
  from space 3072K, 99% used [0x00000000ec280000,0x00000000ec579550,0x00000000ec580000)
  to   space 4096K, 0% used [0x00000000ec600000,0x00000000ec600000,0x00000000eca00000)
 ParOldGen       total 115200K, used 85070K [0x00000000c0000000, 0x00000000c7080000, 0x00000000eab00000)
  object space 115200K, 73% used [0x00000000c0000000,0x00000000c5313b80,0x00000000c7080000)
 Metaspace       used 76254K, committed 77568K, reserved 1179648K
  class space    used 7861K, committed 8448K, reserved 1048576K
}
Event: 12.474 GC heap after
{Heap after GC invocations=223 (full 7):
 PSYoungGen      total 25600K, used 1888K [0x00000000eab00000, 0x00000000ec800000, 0x0000000100000000)
  eden space 23552K, 0% used [0x00000000eab00000,0x00000000eab00000,0x00000000ec200000)
  from space 2048K, 92% used [0x00000000ec600000,0x00000000ec7d8398,0x00000000ec800000)
  to   space 3072K, 0% used [0x00000000ec200000,0x00000000ec200000,0x00000000ec500000)
 ParOldGen       total 115200K, used 86912K [0x00000000c0000000, 0x00000000c7080000, 0x00000000eab00000)
  object space 115200K, 75% used [0x00000000c0000000,0x00000000c54e0058,0x00000000c7080000)
 Metaspace       used 76254K, committed 77568K, reserved 1179648K
  class space    used 7861K, committed 8448K, reserved 1048576K
}
Event: 12.566 GC heap before
{Heap before GC invocations=224 (full 7):
 PSYoungGen      total 25600K, used 25440K [0x00000000eab00000, 0x00000000ec800000, 0x0000000100000000)
  eden space 23552K, 100% used [0x00000000eab00000,0x00000000ec200000,0x00000000ec200000)
  from space 2048K, 92% used [0x00000000ec600000,0x00000000ec7d8398,0x00000000ec800000)
  to   space 3072K, 0% used [0x00000000ec200000,0x00000000ec200000,0x00000000ec500000)
 ParOldGen       total 115200K, used 86912K [0x00000000c0000000, 0x00000000c7080000, 0x00000000eab00000)
  object space 115200K, 75% used [0x00000000c0000000,0x00000000c54e0058,0x00000000c7080000)
 Metaspace       used 76308K, committed 77632K, reserved 1179648K
  class space    used 7864K, committed 8448K, reserved 1048576K
}
Event: 12.568 GC heap after
{Heap after GC invocations=224 (full 7):
 PSYoungGen      total 25088K, used 1293K [0x00000000eab00000, 0x00000000ec680000, 0x0000000100000000)
  eden space 23552K, 0% used [0x00000000eab00000,0x00000000eab00000,0x00000000ec200000)
  from space 1536K, 84% used [0x00000000ec200000,0x00000000ec343458,0x00000000ec380000)
  to   space 2048K, 0% used [0x00000000ec480000,0x00000000ec480000,0x00000000ec680000)
 ParOldGen       total 115200K, used 86920K [0x00000000c0000000, 0x00000000c7080000, 0x00000000eab00000)
  object space 115200K, 75% used [0x00000000c0000000,0x00000000c54e2058,0x00000000c7080000)
 Metaspace       used 76308K, committed 77632K, reserved 1179648K
  class space    used 7864K, committed 8448K, reserved 1048576K
}

